#
# A fatal error has been detected by the Java Runtime Environment:
#
#  EXCEPTION_ACCESS_VIOLATION (0xc0000005) at pc=0x00000000023e47fa, pid=7120, tid=8944
#
# JRE version: Java(TM) SE Runtime Environment (8.0_77-b03) (build 1.8.0_77-b03)
# Java VM: Java HotSpot(TM) 64-Bit Server VM (25.77-b03 mixed mode windows-amd64 compressed oops)
# Problematic frame:
# j  com.common.microservice.example.cxf.api.jaxws_asm.QueryWeather.getArg0()Ljava/lang/String;+1
#
# Failed to write core dump. Minidumps are not enabled by default on client versions of Windows
#
# If you would like to submit a bug report, please visit:
#   http://bugreport.java.com/bugreport/crash.jsp
#

---------------  T H R E A D  ---------------

Current thread (0x000000001bb9f000):  JavaThread "http-nio-8080-exec-1" daemon [_thread_in_Java, id=8944, stack(0x000000001d6b0000,0x000000001d7b0000)]

siginfo: ExceptionCode=0xc0000005, reading address 0xffffffffaa3f0708

Registers:
RAX=0x0000000000000008, RBX=0x0000000000000000, RCX=0x000000001c6b26f8, RDX=0xffffffff8d145f00
RSP=0x000000001d7acb10, RBP=0x000000001d7acb60, RSI=0x000000001bb9f000, RDI=0x00000000ffffffff
R8 =0x000000000000000b, R9 =0x00000000000000cb, R10=0x000000005f34b9e0, R11=0x000000001bd81210
R12=0x0000000000000000, R13=0xffffffffaa3f0708, R14=0x000000001d7acb70, R15=0x000000001bb9f000
RIP=0x00000000023e47fa, EFLAGS=0x0000000000010202

Top of Stack: (sp=0x000000001d7acb10)
0x000000001d7acb10:   0000000000000001 00000000d7385da8
0x000000001d7acb20:   000000001d7acb20 000000001d2aa801
0x000000001d7acb30:   000000001d7acb70 000000001c6b2598
0x000000001d7acb40:   0000000000000000 000000001d2aa808
0x000000001d7acb50:   0000000000000000 000000001d7acb70
0x000000001d7acb60:   000000001d7acc50 00000000023c08da
0x000000001d7acb70:   00000000d7385c88 0000000000000000
0x000000001d7acb80:   0000000000000000 0000000000000000
0x000000001d7acb90:   0000000000000000 0000000000000000
0x000000001d7acba0:   0000000000000000 0000000000000000
0x000000001d7acbb0:   0000000000000000 0000000000000000
0x000000001d7acbc0:   0000000000000000 0000000000000000
0x000000001d7acbd0:   0000000000000000 0000000000000000
0x000000001d7acbe0:   0000000000000000 0000000000000000
0x000000001d7acbf0:   0000000000000000 0000000000000000
0x000000001d7acc00:   0000000000000000 0000000000000000 

Instructions: (pc=0x00000000023e47fa)
0x00000000023e47da:   00 00 e9 19 00 00 00 48 8b 49 18 8b 41 0c 83 c0
0x00000000023e47ea:   08 89 41 0c 81 e0 f8 1f 00 00 0f 84 02 01 00 00
0x00000000023e47fa:   41 0f b6 5d 00 49 ba e0 b9 34 5f 00 00 00 00 41
0x00000000023e480a:   ff 24 da e8 05 00 00 00 e9 83 00 00 00 48 8d 44 


Register to memory mapping:

RAX=0x0000000000000008 is an unknown value
RBX=0x0000000000000000 is an unknown value
RCX=0x000000001c6b26f8 is pointing into metadata
RDX=0xffffffff8d145f00 is an unknown value
RSP=0x000000001d7acb10 is pointing into the stack for thread: 0x000000001bb9f000
RBP=0x000000001d7acb60 is pointing into the stack for thread: 0x000000001bb9f000
RSI=0x000000001bb9f000 is a thread
RDI=0x00000000ffffffff is an unallocated location in the heap
R8 =0x000000000000000b is an unknown value
R9 =0x00000000000000cb is an unknown value
R10=0x000000005f34b9e0 is an unknown value
R11=0x000000001bd81210 is an unknown value
R12=0x0000000000000000 is an unknown value
R13=0xffffffffaa3f0708 is an unknown value
R14=0x000000001d7acb70 is pointing into the stack for thread: 0x000000001bb9f000
R15=0x000000001bb9f000 is a thread


Stack: [0x000000001d6b0000,0x000000001d7b0000],  sp=0x000000001d7acb10,  free space=1010k
Native frames: (J=compiled Java code, j=interpreted, Vv=VM code, C=native code)
C  0x00000000023e47fa


---------------  P R O C E S S  ---------------

Java Threads: ( => current thread )
  0x000000001be64000 JavaThread "RMI TCP Connection(5)-127.0.0.1" daemon [_thread_in_native, id=3680, stack(0x000000001f140000,0x000000001f240000)]
  0x000000001bbab000 JavaThread "RMI TCP Connection(4)-127.0.0.1" daemon [_thread_in_native, id=5116, stack(0x000000001ee60000,0x000000001ef60000)]
  0x000000001bbaa800 JavaThread "RMI TCP Connection(3)-127.0.0.1" daemon [_thread_in_native, id=4912, stack(0x000000001e3e0000,0x000000001e4e0000)]
  0x000000001bba9800 JavaThread "DestroyJavaVM" [_thread_blocked, id=2860, stack(0x00000000022c0000,0x00000000023c0000)]
  0x000000001bba9000 JavaThread "http-nio-8080-AsyncTimeout" daemon [_thread_blocked, id=9204, stack(0x000000001ec30000,0x000000001ed30000)]
  0x000000001bba8000 JavaThread "http-nio-8080-Acceptor-0" daemon [_thread_in_native, id=8612, stack(0x000000001ea60000,0x000000001eb60000)]
  0x000000001bba7800 JavaThread "http-nio-8080-ClientPoller-1" daemon [_thread_in_native, id=3360, stack(0x000000001e8f0000,0x000000001e9f0000)]
  0x000000001bba6800 JavaThread "http-nio-8080-ClientPoller-0" daemon [_thread_in_native, id=8732, stack(0x000000001e6e0000,0x000000001e7e0000)]
  0x000000001bba6000 JavaThread "http-nio-8080-exec-10" daemon [_thread_blocked, id=824, stack(0x000000001e4f0000,0x000000001e5f0000)]
  0x000000001bba5000 JavaThread "http-nio-8080-exec-9" daemon [_thread_blocked, id=8840, stack(0x000000001e2a0000,0x000000001e3a0000)]
  0x000000001bba4800 JavaThread "http-nio-8080-exec-8" daemon [_thread_blocked, id=9168, stack(0x000000001dfe0000,0x000000001e0e0000)]
  0x000000001bba3800 JavaThread "http-nio-8080-exec-7" daemon [_thread_blocked, id=6980, stack(0x000000001e150000,0x000000001e250000)]
  0x000000001bba3000 JavaThread "http-nio-8080-exec-6" daemon [_thread_blocked, id=4652, stack(0x000000001d950000,0x000000001da50000)]
  0x000000001bba2000 JavaThread "http-nio-8080-exec-5" daemon [_thread_blocked, id=8796, stack(0x000000001de80000,0x000000001df80000)]
  0x000000001bba1800 JavaThread "http-nio-8080-exec-4" daemon [_thread_blocked, id=8864, stack(0x000000001dc80000,0x000000001dd80000)]
  0x000000001bba0800 JavaThread "http-nio-8080-exec-3" daemon [_thread_blocked, id=6256, stack(0x000000001daf0000,0x000000001dbf0000)]
  0x000000001bba0000 JavaThread "http-nio-8080-exec-2" daemon [_thread_blocked, id=2388, stack(0x000000001d840000,0x000000001d940000)]
=>0x000000001bb9f000 JavaThread "http-nio-8080-exec-1" daemon [_thread_in_Java, id=8944, stack(0x000000001d6b0000,0x000000001d7b0000)]
  0x000000001bb9e800 JavaThread "NioBlockingSelector.BlockPoller-1" daemon [_thread_in_native, id=8304, stack(0x000000001c8c0000,0x000000001c9c0000)]
  0x000000001bb9d800 JavaThread "container-0" [_thread_blocked, id=8288, stack(0x000000001cfb0000,0x000000001d0b0000)]
  0x000000001bb9d000 JavaThread "ContainerBackgroundProcessor[StandardEngine[Tomcat]]" daemon [_thread_blocked, id=1472, stack(0x000000001ce90000,0x000000001cf90000)]
  0x000000001babe000 JavaThread "GC Daemon" daemon [_thread_blocked, id=6912, stack(0x000000001adb0000,0x000000001aeb0000)]
  0x000000001ba48800 JavaThread "localhost-startStop-1" daemon [_thread_blocked, id=8740, stack(0x000000001cb70000,0x000000001cc70000)]
  0x000000001ba47800 JavaThread "Tomcat-startStop-1" daemon [_thread_blocked, id=8392, stack(0x000000001c9c0000,0x000000001cac0000)]
  0x0000000019b29000 JavaThread "JMX server connection timeout 17" daemon [_thread_blocked, id=9044, stack(0x000000001a940000,0x000000001aa40000)]
  0x0000000019b1a000 JavaThread "RMI TCP Connection(2)-127.0.0.1" daemon [_thread_in_native, id=7164, stack(0x000000001ac40000,0x000000001ad40000)]
  0x0000000019b12800 JavaThread "RMI Scheduler(0)" daemon [_thread_blocked, id=7100, stack(0x000000001aa80000,0x000000001ab80000)]
  0x0000000019a8d000 JavaThread "RMI TCP Connection(1)-127.0.0.1" daemon [_thread_in_native, id=7076, stack(0x0000000019de0000,0x0000000019ee0000)]
  0x0000000019864800 JavaThread "RMI TCP Accept-0" daemon [_thread_in_native, id=228, stack(0x000000001a260000,0x000000001a360000)]
  0x0000000019817000 JavaThread "RMI TCP Accept-55565" daemon [_thread_in_native, id=8940, stack(0x000000001a050000,0x000000001a150000)]
  0x000000001980d000 JavaThread "RMI TCP Accept-0" daemon [_thread_in_native, id=9108, stack(0x0000000019ee0000,0x0000000019fe0000)]
  0x00000000185f1800 JavaThread "Service Thread" daemon [_thread_blocked, id=6028, stack(0x0000000018e20000,0x0000000018f20000)]
  0x000000001857e800 JavaThread "C1 CompilerThread2" daemon [_thread_blocked, id=3736, stack(0x0000000018fb0000,0x00000000190b0000)]
  0x0000000018579000 JavaThread "C2 CompilerThread1" daemon [_thread_blocked, id=2552, stack(0x0000000018ce0000,0x0000000018de0000)]
  0x0000000018573800 JavaThread "C2 CompilerThread0" daemon [_thread_blocked, id=3824, stack(0x0000000018b40000,0x0000000018c40000)]
  0x000000001855b800 JavaThread "Attach Listener" daemon [_thread_blocked, id=4340, stack(0x00000000181c0000,0x00000000182c0000)]
  0x000000001855a800 JavaThread "Signal Dispatcher" daemon [_thread_blocked, id=8396, stack(0x00000000189d0000,0x0000000018ad0000)]
  0x000000001704e800 JavaThread "Finalizer" daemon [_thread_blocked, id=8488, stack(0x0000000018450000,0x0000000018550000)]
  0x0000000017007800 JavaThread "Reference Handler" daemon [_thread_blocked, id=7708, stack(0x0000000018310000,0x0000000018410000)]

Other Threads:
  0x0000000016fff800 VMThread [stack: 0x00000000180b0000,0x00000000181b0000] [id=2516]
  0x0000000019865800 WatcherThread [stack: 0x000000001a400000,0x000000001a500000] [id=4660]

VM state:not at safepoint (normal execution)

VM Mutex/Monitor currently owned by a thread: None

Heap:
 PSYoungGen      total 241152K, used 23482K [0x00000000d5e00000, 0x00000000eae80000, 0x0000000100000000)
  eden space 225792K, 10% used [0x00000000d5e00000,0x00000000d74ee980,0x00000000e3a80000)
  from space 15360K, 0% used [0x00000000e3a80000,0x00000000e3a80000,0x00000000e4980000)
  to   space 16384K, 0% used [0x00000000e9e80000,0x00000000e9e80000,0x00000000eae80000)
 ParOldGen       total 76288K, used 19284K [0x0000000081a00000, 0x0000000086480000, 0x00000000d5e00000)
  object space 76288K, 25% used [0x0000000081a00000,0x0000000082cd5310,0x0000000086480000)
 Metaspace       used 36512K, capacity 37072K, committed 37208K, reserved 1081344K
  class space    used 4756K, capacity 4925K, committed 4992K, reserved 1048576K

Card table byte_map: [0x0000000011780000,0x0000000011b80000] byte_map_base: 0x0000000011373000

Marking Bits: (ParMarkBitMap*) 0x000000005f360600
 Begin Bits: [0x0000000012340000, 0x00000000142d8000)
 End Bits:   [0x00000000142d8000, 0x0000000016270000)

Polling page: 0x0000000000100000

CodeCache: size=245760Kb used=6941Kb max_used=6941Kb free=238818Kb
 bounds [0x00000000023c0000, 0x0000000002a90000, 0x00000000113c0000]
 total_blobs=3684 nmethods=3252 adapters=344
 compilation: enabled

Compilation events (10 events):
Event: 9.170 Thread 0x000000001857e800 3248       1       java.lang.Character::isJavaIdentifierPart (9 bytes)
Event: 9.170 Thread 0x000000001857e800 nmethod 3248 0x0000000002a864d0 code [0x0000000002a86640, 0x0000000002a86778]
Event: 9.170 Thread 0x000000001857e800 3249       1       java.lang.CharacterDataLatin1::isJavaIdentifierPart (20 bytes)
Event: 9.171 Thread 0x000000001857e800 nmethod 3249 0x0000000002a86810 code [0x0000000002a86960, 0x0000000002a86ab0]
Event: 9.195 Thread 0x000000001857e800 3250       1       java.util.WeakHashMap::size (18 bytes)
Event: 9.195 Thread 0x000000001857e800 nmethod 3250 0x0000000002a86e10 code [0x0000000002a86f60, 0x0000000002a870c8]
Event: 9.197 Thread 0x000000001857e800 3251       1       org.apache.cxf.service.model.MessagePartInfo::getTypeClass (5 bytes)
Event: 9.197 Thread 0x000000001857e800 nmethod 3251 0x0000000002a87150 code [0x0000000002a872a0, 0x0000000002a873b0]
Event: 9.199 Thread 0x000000001857e800 3252       1       java.lang.ThreadLocal::setInitialValue (36 bytes)
Event: 9.199 Thread 0x000000001857e800 nmethod 3252 0x0000000002a87410 code [0x0000000002a875a0, 0x0000000002a87798]

GC Heap History (10 events):
Event: 1.137 GC heap before
{Heap before GC invocations=7 (full 1):
 PSYoungGen      total 142848K, used 5300K [0x00000000d5e00000, 0x00000000df300000, 0x0000000100000000)
  eden space 133120K, 0% used [0x00000000d5e00000,0x00000000d5e00000,0x00000000de000000)
  from space 9728K, 54% used [0x00000000de980000,0x00000000deead250,0x00000000df300000)
  to   space 9728K, 0% used [0x00000000de000000,0x00000000de000000,0x00000000de980000)
 ParOldGen       total 87552K, used 8817K [0x0000000081a00000, 0x0000000086f80000, 0x00000000d5e00000)
  object space 87552K, 10% used [0x0000000081a00000,0x000000008229c458,0x0000000086f80000)
 Metaspace       used 20806K, capacity 21114K, committed 21248K, reserved 1067008K
  class space    used 2670K, capacity 2762K, committed 2816K, reserved 1048576K
Event: 1.167 GC heap after
Heap after GC invocations=7 (full 1):
 PSYoungGen      total 142848K, used 0K [0x00000000d5e00000, 0x00000000df300000, 0x0000000100000000)
  eden space 133120K, 0% used [0x00000000d5e00000,0x00000000d5e00000,0x00000000de000000)
  from space 9728K, 0% used [0x00000000de980000,0x00000000de980000,0x00000000df300000)
  to   space 9728K, 0% used [0x00000000de000000,0x00000000de000000,0x00000000de980000)
 ParOldGen       total 52736K, used 7592K [0x0000000081a00000, 0x0000000084d80000, 0x00000000d5e00000)
  object space 52736K, 14% used [0x0000000081a00000,0x000000008216a148,0x0000000084d80000)
 Metaspace       used 20806K, capacity 21114K, committed 21248K, reserved 1067008K
  class space    used 2670K, capacity 2762K, committed 2816K, reserved 1048576K
}
Event: 1.770 GC heap before
{Heap before GC invocations=8 (full 1):
 PSYoungGen      total 142848K, used 133120K [0x00000000d5e00000, 0x00000000df300000, 0x0000000100000000)
  eden space 133120K, 100% used [0x00000000d5e00000,0x00000000de000000,0x00000000de000000)
  from space 9728K, 0% used [0x00000000de980000,0x00000000de980000,0x00000000df300000)
  to   space 9728K, 0% used [0x00000000de000000,0x00000000de000000,0x00000000de980000)
 ParOldGen       total 52736K, used 7592K [0x0000000081a00000, 0x0000000084d80000, 0x00000000d5e00000)
  object space 52736K, 14% used [0x0000000081a00000,0x000000008216a148,0x0000000084d80000)
 Metaspace       used 27007K, capacity 27426K, committed 27776K, reserved 1073152K
  class space    used 3480K, capacity 3629K, committed 3712K, reserved 1048576K
Event: 1.778 GC heap after
Heap after GC invocations=8 (full 1):
 PSYoungGen      total 142848K, used 9696K [0x00000000d5e00000, 0x00000000e5800000, 0x0000000100000000)
  eden space 133120K, 0% used [0x00000000d5e00000,0x00000000d5e00000,0x00000000de000000)
  from space 9728K, 99% used [0x00000000de000000,0x00000000de9782c0,0x00000000de980000)
  to   space 12288K, 0% used [0x00000000e4c00000,0x00000000e4c00000,0x00000000e5800000)
 ParOldGen       total 52736K, used 9871K [0x0000000081a00000, 0x0000000084d80000, 0x00000000d5e00000)
  object space 52736K, 18% used [0x0000000081a00000,0x00000000823a3e70,0x0000000084d80000)
 Metaspace       used 27007K, capacity 27426K, committed 27776K, reserved 1073152K
  class space    used 3480K, capacity 3629K, committed 3712K, reserved 1048576K
}
Event: 2.324 GC heap before
{Heap before GC invocations=9 (full 1):
 PSYoungGen      total 142848K, used 142816K [0x00000000d5e00000, 0x00000000e5800000, 0x0000000100000000)
  eden space 133120K, 100% used [0x00000000d5e00000,0x00000000de000000,0x00000000de000000)
  from space 9728K, 99% used [0x00000000de000000,0x00000000de9782c0,0x00000000de980000)
  to   space 12288K, 0% used [0x00000000e4c00000,0x00000000e4c00000,0x00000000e5800000)
 ParOldGen       total 52736K, used 9871K [0x0000000081a00000, 0x0000000084d80000, 0x00000000d5e00000)
  object space 52736K, 18% used [0x0000000081a00000,0x00000000823a3e70,0x0000000084d80000)
 Metaspace       used 32966K, capacity 33464K, committed 33664K, reserved 1079296K
  class space    used 4326K, capacity 4460K, committed 4480K, reserved 1048576K
Event: 2.335 GC heap after
Heap after GC invocations=9 (full 1):
 PSYoungGen      total 238080K, used 12259K [0x00000000d5e00000, 0x00000000e5880000, 0x0000000100000000)
  eden space 225792K, 0% used [0x00000000d5e00000,0x00000000d5e00000,0x00000000e3a80000)
  from space 12288K, 99% used [0x00000000e4c00000,0x00000000e57f8da8,0x00000000e5800000)
  to   space 15360K, 0% used [0x00000000e3a80000,0x00000000e3a80000,0x00000000e4980000)
 ParOldGen       total 52736K, used 13424K [0x0000000081a00000, 0x0000000084d80000, 0x00000000d5e00000)
  object space 52736K, 25% used [0x0000000081a00000,0x000000008271c140,0x0000000084d80000)
 Metaspace       used 32966K, capacity 33464K, committed 33664K, reserved 1079296K
  class space    used 4326K, capacity 4460K, committed 4480K, reserved 1048576K
}
Event: 9.035 GC heap before
{Heap before GC invocations=10 (full 1):
 PSYoungGen      total 238080K, used 105415K [0x00000000d5e00000, 0x00000000e5880000, 0x0000000100000000)
  eden space 225792K, 41% used [0x00000000d5e00000,0x00000000db8f8e80,0x00000000e3a80000)
  from space 12288K, 99% used [0x00000000e4c00000,0x00000000e57f8da8,0x00000000e5800000)
  to   space 15360K, 0% used [0x00000000e3a80000,0x00000000e3a80000,0x00000000e4980000)
 ParOldGen       total 52736K, used 13424K [0x0000000081a00000, 0x0000000084d80000, 0x00000000d5e00000)
  object space 52736K, 25% used [0x0000000081a00000,0x000000008271c140,0x0000000084d80000)
 Metaspace       used 34872K, capacity 35396K, committed 35416K, reserved 1079296K
  class space    used 4580K, capacity 4731K, committed 4736K, reserved 1048576K
Event: 9.045 GC heap after
Heap after GC invocations=10 (full 1):
 PSYoungGen      total 241152K, used 12543K [0x00000000d5e00000, 0x00000000eae80000, 0x0000000100000000)
  eden space 225792K, 0% used [0x00000000d5e00000,0x00000000d5e00000,0x00000000e3a80000)
  from space 15360K, 81% used [0x00000000e3a80000,0x00000000e46bfe90,0x00000000e4980000)
  to   space 16384K, 0% used [0x00000000e9e80000,0x00000000e9e80000,0x00000000eae80000)
 ParOldGen       total 52736K, used 13432K [0x0000000081a00000, 0x0000000084d80000, 0x00000000d5e00000)
  object space 52736K, 25% used [0x0000000081a00000,0x000000008271e140,0x0000000084d80000)
 Metaspace       used 34872K, capacity 35396K, committed 35416K, reserved 1079296K
  class space    used 4580K, capacity 4731K, committed 4736K, reserved 1048576K
}
Event: 9.045 GC heap before
{Heap before GC invocations=11 (full 2):
 PSYoungGen      total 241152K, used 12543K [0x00000000d5e00000, 0x00000000eae80000, 0x0000000100000000)
  eden space 225792K, 0% used [0x00000000d5e00000,0x00000000d5e00000,0x00000000e3a80000)
  from space 15360K, 81% used [0x00000000e3a80000,0x00000000e46bfe90,0x00000000e4980000)
  to   space 16384K, 0% used [0x00000000e9e80000,0x00000000e9e80000,0x00000000eae80000)
 ParOldGen       total 52736K, used 13432K [0x0000000081a00000, 0x0000000084d80000, 0x00000000d5e00000)
  object space 52736K, 25% used [0x0000000081a00000,0x000000008271e140,0x0000000084d80000)
 Metaspace       used 34872K, capacity 35396K, committed 35416K, reserved 1079296K
  class space    used 4580K, capacity 4731K, committed 4736K, reserved 1048576K
Event: 9.101 GC heap after
Heap after GC invocations=11 (full 2):
 PSYoungGen      total 241152K, used 0K [0x00000000d5e00000, 0x00000000eae80000, 0x0000000100000000)
  eden space 225792K, 0% used [0x00000000d5e00000,0x00000000d5e00000,0x00000000e3a80000)
  from space 15360K, 0% used [0x00000000e3a80000,0x00000000e3a80000,0x00000000e4980000)
  to   space 16384K, 0% used [0x00000000e9e80000,0x00000000e9e80000,0x00000000eae80000)
 ParOldGen       total 76288K, used 19284K [0x0000000081a00000, 0x0000000086480000, 0x00000000d5e00000)
  object space 76288K, 25% used [0x0000000081a00000,0x0000000082cd5310,0x0000000086480000)
 Metaspace       used 34872K, capacity 35396K, committed 35416K, reserved 1079296K
  class space    used 4580K, capacity 4731K, committed 4736K, reserved 1048576K
}

Deoptimization events (0 events):
No events

Internal exceptions (10 events):
Event: 9.150 Thread 0x000000001bb9f000 Exception <a 'java/lang/ArrayIndexOutOfBoundsException'> (0x00000000d68f30f0) thrown at [D:\re\workspace\8-2-build-windows-amd64-cygwin\jdk8u77\6540\hotspot\src\share\vm\runtime\sharedRuntime.cpp, line 605]
Event: 9.151 Thread 0x000000001bb9f000 Exception <a 'java/lang/ArrayIndexOutOfBoundsException'> (0x00000000d692cd78) thrown at [D:\re\workspace\8-2-build-windows-amd64-cygwin\jdk8u77\6540\hotspot\src\share\vm\runtime\sharedRuntime.cpp, line 605]
Event: 9.151 Thread 0x000000001bb9f000 Exception <a 'java/lang/ArrayIndexOutOfBoundsException'> (0x00000000d6943648) thrown at [D:\re\workspace\8-2-build-windows-amd64-cygwin\jdk8u77\6540\hotspot\src\share\vm\runtime\sharedRuntime.cpp, line 605]
Event: 9.151 Thread 0x000000001bb9f000 Exception <a 'java/lang/ArrayIndexOutOfBoundsException'> (0x00000000d69576c0) thrown at [D:\re\workspace\8-2-build-windows-amd64-cygwin\jdk8u77\6540\hotspot\src\share\vm\runtime\sharedRuntime.cpp, line 605]
Event: 9.158 Thread 0x000000001bb9f000 Exception <a 'java/io/FileNotFoundException'> (0x00000000d6aa27c0) thrown at [D:\re\workspace\8-2-build-windows-amd64-cygwin\jdk8u77\6540\hotspot\src\share\vm\prims\jni.cpp, line 709]
Event: 9.158 Thread 0x000000001bb9f000 Exception <a 'java/io/FileNotFoundException'> (0x00000000d6aa3220) thrown at [D:\re\workspace\8-2-build-windows-amd64-cygwin\jdk8u77\6540\hotspot\src\share\vm\prims\jni.cpp, line 709]
Event: 9.159 Thread 0x000000001bb9f000 Exception <a 'java/io/FileNotFoundException'> (0x00000000d6ade978) thrown at [D:\re\workspace\8-2-build-windows-amd64-cygwin\jdk8u77\6540\hotspot\src\share\vm\prims\jni.cpp, line 709]
Event: 9.159 Thread 0x000000001bb9f000 Exception <a 'java/io/FileNotFoundException'> (0x00000000d6adf340) thrown at [D:\re\workspace\8-2-build-windows-amd64-cygwin\jdk8u77\6540\hotspot\src\share\vm\prims\jni.cpp, line 709]
Event: 9.198 Thread 0x000000001bb9f000 Exception <a 'java/lang/NoClassDefFoundError': org/jvnet/staxex/XMLStreamReaderEx> (0x00000000d734eff8) thrown at [D:\re\workspace\8-2-build-windows-amd64-cygwin\jdk8u77\6540\hotspot\src\share\vm\classfile\systemDictionary.cpp, line 199]
Event: 9.202 Thread 0x000000001bb9f000 Exception <a 'java/lang/ArrayIndexOutOfBoundsException': -2> (0x00000000d740acd0) thrown at [D:\re\workspace\8-2-build-windows-amd64-cygwin\jdk8u77\6540\hotspot\src\share\vm\interpreter\interpreterRuntime.cpp, line 366]

Events (10 events):
Event: 9.199 loading class org/apache/cxf/databinding/WrapperHelper
Event: 9.199 loading class org/apache/cxf/databinding/WrapperHelper done
Event: 9.200 loading class com/common/microservice/example/cxf/api/jaxws_asm/ObjectFactory
Event: 9.200 loading class com/common/microservice/example/cxf/api/jaxws_asm/ObjectFactory done
Event: 9.200 loading class org/apache/cxf/databinding/AbstractWrapperHelper
Event: 9.200 loading class org/apache/cxf/databinding/AbstractWrapperHelper done
Event: 9.200 loading class org/apache/cxf/jaxb/WrapperHelperCompiler
Event: 9.200 loading class org/apache/cxf/jaxb/WrapperHelperCompiler done
Event: 9.202 loading class org/apache/cxf/jaxb/JAXBWrapperHelper
Event: 9.202 loading class org/apache/cxf/jaxb/JAXBWrapperHelper done


Dynamic libraries:
0x000000013f450000 - 0x000000013f487000 	D:\Program Files\Java\jdk1.8.0_77\bin\javaw.exe
0x0000000077580000 - 0x000000007771f000 	C:\Windows\SYSTEM32\ntdll.dll
0x0000000077360000 - 0x000000007747f000 	C:\Windows\system32\kernel32.dll
0x000007fefd400000 - 0x000007fefd467000 	C:\Windows\system32\KERNELBASE.dll
0x000007fefd660000 - 0x000007fefd73b000 	C:\Windows\system32\ADVAPI32.dll
0x000007fefeea0000 - 0x000007fefef3f000 	C:\Windows\system32\msvcrt.dll
0x000007fefd4b0000 - 0x000007fefd4cf000 	C:\Windows\SYSTEM32\sechost.dll
0x000007fefed70000 - 0x000007fefee9c000 	C:\Windows\system32\RPCRT4.dll
0x0000000077480000 - 0x000000007757a000 	C:\Windows\system32\USER32.dll
0x000007feff5c0000 - 0x000007feff627000 	C:\Windows\system32\GDI32.dll
0x000007fefd4d0000 - 0x000007fefd4de000 	C:\Windows\system32\LPK.dll
0x000007feff630000 - 0x000007feff6fb000 	C:\Windows\system32\USP10.dll
0x000007fefb870000 - 0x000007fefba65000 	C:\Windows\WinSxS\amd64_microsoft.windows.common-controls_6595b64144ccf1df_6.0.7601.24460_none_e3711c5330fd38b4\COMCTL32.dll
0x000007feff7f0000 - 0x000007feff861000 	C:\Windows\system32\SHLWAPI.dll
0x000007feff590000 - 0x000007feff5be000 	C:\Windows\system32\IMM32.DLL
0x000007fefda10000 - 0x000007fefdb19000 	C:\Windows\system32\MSCTF.dll
0x0000000052cf0000 - 0x0000000052dc2000 	D:\Program Files\Java\jdk1.8.0_77\jre\bin\msvcr100.dll
0x000000005eb50000 - 0x000000005f3e0000 	D:\Program Files\Java\jdk1.8.0_77\jre\bin\server\jvm.dll
0x000007feec850000 - 0x000007feec859000 	C:\Windows\system32\WSOCK32.dll
0x000007feff700000 - 0x000007feff74d000 	C:\Windows\system32\WS2_32.dll
0x000007fefef40000 - 0x000007fefef48000 	C:\Windows\system32\NSI.dll
0x000007fef79c0000 - 0x000007fef79fb000 	C:\Windows\system32\WINMM.dll
0x000007fefc1b0000 - 0x000007fefc1bc000 	C:\Windows\system32\VERSION.dll
0x0000000077720000 - 0x0000000077727000 	C:\Windows\system32\PSAPI.DLL
0x0000000074730000 - 0x000000007473f000 	D:\Program Files\Java\jdk1.8.0_77\jre\bin\verify.dll
0x00000000740b0000 - 0x00000000740d9000 	D:\Program Files\Java\jdk1.8.0_77\jre\bin\java.dll
0x0000000074060000 - 0x0000000074076000 	D:\Program Files\Java\jdk1.8.0_77\jre\bin\zip.dll
0x000007fefdfe0000 - 0x000007fefed6b000 	C:\Windows\system32\SHELL32.dll
0x000007fefdc00000 - 0x000007fefddff000 	C:\Windows\system32\ole32.dll
0x000007fefd0e0000 - 0x000007fefd0ef000 	C:\Windows\system32\profapi.dll
0x0000000057420000 - 0x000000005742d000 	D:\Program Files\Java\jdk1.8.0_77\jre\bin\management.dll
0x0000000073fc0000 - 0x0000000073fda000 	D:\Program Files\Java\jdk1.8.0_77\jre\bin\net.dll
0x000007fefc8d0000 - 0x000007fefc925000 	C:\Windows\system32\mswsock.dll
0x000007fefc8c0000 - 0x000007fefc8c7000 	C:\Windows\System32\wship6.dll
0x0000000073fa0000 - 0x0000000073fb1000 	D:\Program Files\Java\jdk1.8.0_77\jre\bin\nio.dll
0x000007fefac90000 - 0x000007fefaca5000 	C:\Windows\system32\NLAapi.dll
0x000007fef7a50000 - 0x000007fef7a65000 	C:\Windows\system32\napinsp.dll
0x000007fef7a30000 - 0x000007fef7a49000 	C:\Windows\system32\pnrpnsp.dll
0x000007fefc670000 - 0x000007fefc6cb000 	C:\Windows\system32\DNSAPI.dll
0x000007fef7a20000 - 0x000007fef7a2b000 	C:\Windows\System32\winrnr.dll
0x0000000073350000 - 0x0000000073376000 	C:\Program Files\Bonjour\mdnsNSP.dll
0x000007fefab90000 - 0x000007fefabb7000 	C:\Windows\system32\Iphlpapi.DLL
0x000007fefab70000 - 0x000007fefab7b000 	C:\Windows\system32\WINNSI.DLL
0x000007fefc280000 - 0x000007fefc287000 	C:\Windows\System32\wshtcpip.dll
0x000007fef8f50000 - 0x000007fef8f58000 	C:\Windows\system32\rasadhlp.dll
0x000007fefaa30000 - 0x000007fefaa83000 	C:\Windows\System32\fwpuclnt.dll
0x000007fefc930000 - 0x000007fefc948000 	C:\Windows\system32\CRYPTSP.dll
0x000007fefc550000 - 0x000007fefc597000 	C:\Windows\system32\rsaenh.dll
0x000007fefd3b0000 - 0x000007fefd3cf000 	C:\Windows\system32\USERENV.dll
0x000007fefcf30000 - 0x000007fefcf3f000 	C:\Windows\system32\CRYPTBASE.dll
0x000007fefaa00000 - 0x000007fefaa11000 	C:\Windows\system32\dhcpcsvc6.DLL
0x000007fefa980000 - 0x000007fefa998000 	C:\Windows\system32\dhcpcsvc.DLL
0x0000000074030000 - 0x0000000074054000 	D:\Program Files\Java\jdk1.8.0_77\jre\bin\sunec.dll
0x0000000058100000 - 0x000000005810b000 	D:\Program Files\Java\jdk1.8.0_77\jre\bin\sunmscapi.dll
0x000007fefd140000 - 0x000007fefd2ad000 	C:\Windows\system32\CRYPT32.dll
0x000007fefd0d0000 - 0x000007fefd0df000 	C:\Windows\system32\MSASN1.dll
0x000007fef7b40000 - 0x000007fef7c65000 	C:\Windows\system32\dbghelp.dll

VM Arguments:
jvm_args: -Dcom.sun.management.jmxremote -Dcom.sun.management.jmxremote.port=55565 -Dcom.sun.management.jmxremote.authenticate=false -Dcom.sun.management.jmxremote.ssl=false -Djava.rmi.server.hostname=localhost -Dspring.jmx.enabled=true -Dspring.liveBeansView.mbeanDomain -Dspring.application.admin.enabled=true -Xverify:none -XX:TieredStopAtLevel=1 -Dfile.encoding=UTF-8 
java_command: com.common.microservice.example.server.ProviderApplication --spring.output.ansi.enabled=always
java_class_path (initial): E:\GitHub\微服务\common-microservice\common-microservice-example\common-microservice-example-server\target\classes;E:\GitHub\微服务\common-microservice\common-microservice-example\common-microservice-example-api\target\classes;F:\apache-maven-3.2.5\repository\com\sun\jersey\jersey-server\1.18\jersey-server-1.18.jar;F:\apache-maven-3.2.5\repository\asm\asm\3.1\asm-3.1.jar;F:\apache-maven-3.2.5\repository\com\sun\jersey\jersey-core\1.18\jersey-core-1.18.jar;F:\apache-maven-3.2.5\repository\com\sun\jersey\jersey-grizzly2\1.18\jersey-grizzly2-1.18.jar;F:\apache-maven-3.2.5\repository\org\glassfish\grizzly\grizzly-http\2.2.16\grizzly-http-2.2.16.jar;F:\apache-maven-3.2.5\repository\org\glassfish\grizzly\grizzly-framework\2.2.16\grizzly-framework-2.2.16.jar;F:\apache-maven-3.2.5\repository\org\glassfish\grizzly\grizzly-http-server\2.2.16\grizzly-http-server-2.2.16.jar;F:\apache-maven-3.2.5\repository\org\glassfish\grizzly\grizzly-rcm\2.2.16\grizzly-rcm-2.2.16.jar;E:\GitHub\微服务\common-microservice\common-microservice\common-microservice-rest-support\target\classes;E:\GitHub\微服务\common-microservice\common-microservice\common-microservice-server-starter\target\classes;F:\apache-maven-3.2.5\repository\org\springframework\boot\spring-boot-starter-web\1.5.6.RELEASE\spring-boot-starter-web-1.5.6.RELEASE.jar;F:\apache-maven-3.2.5\repository\org\springframework\boot\spring-boot-starter\1.5.6.RELEASE\spring-boot-starter-1.5.6.RELEASE.jar;F:\apache-maven-3.2.5\repository\org\springframework\boot\spring-boot\1.5.6.RELEASE\spring-boot-1.5.6.RELEASE.jar;F:\apache-maven-3.2.5\repository\org\springframework\boot\spring-boot-autoconfigure\1.5.6.RELEASE\spring-boot-autoconfigure-1.5.6.RELEASE.jar;F:\apache-maven-3.2.5\repository\org\springframework\boot\spring-boot-starter-logging\1.5.6.RELEASE\spring-boot-starter-logging-1.5.6.RELEASE.jar;F:\apache-maven-3.2.5\repository\ch\qos\logback\logback-classic\1.1.11\logback-classic-1.1.11.jar;F:\apache-maven-3.2
Launcher Type: SUN_STANDARD

Environment Variables:
JAVA_HOME=D:\Program Files\Java\jdk1.8.0_77
PATH=D:/Program Files/Java/jdk1.8.0_77/bin/../jre/bin/server;D:/Program Files/Java/jdk1.8.0_77/bin/../jre/bin;D:/Program Files/Java/jdk1.8.0_77/bin/../jre/lib/amd64;D:\Program Files\Java\jdk1.8.0_77\bin;F:\apache-maven-3.3.9\bin;D:\Program Files\gradle-3.3\bin;D:\Program Files\apache-ant-1.10.1\bin;F:\softs\apache-tomcat-7.0.94\apache-tomcat-7.0.94\bin;C:\Windows\system32;C:\Windows;C:\Windows\System32\Wbem;C:\Windows\System32\WindowsPowerShell\v1.0\;D:\Program Files\TortoiseSVN\bin;D:\Program Files\SlikSvn\bin;D:\Program Files\MySQL\MySQL Server 5.5\bin;D:\Program Files (x86)\Calibre2\;C:\Program Files\MySQL\MySQL Utilities 1.6\;D:\Program Files\nodejs\;F:\softs\erl7.1\bin;C:\Program Files\TortoiseGit\bin;C:\Program Files\Git\cmd;C:\Users\Administrator\AppData\Roaming\npm;F:\softs\spring-tool-suite-3.9.8.RELEASE-e4.11.0-win32-x86_64\sts-bundle\sts-3.9.8.RELEASE;
USERNAME=Administrator
OS=Windows_NT
PROCESSOR_IDENTIFIER=Intel64 Family 6 Model 60 Stepping 3, GenuineIntel



---------------  S Y S T E M  ---------------

OS: Windows 7 , 64 bit Build 7601 (6.1.7601.24475)

CPU:total 4 (4 cores per cpu, 1 threads per core) family 6 model 60 stepping 3, cmov, cx8, fxsr, mmx, sse, sse2, sse3, ssse3, sse4.1, sse4.2, popcnt, avx, avx2, aes, clmul, erms, rtm, lzcnt, tsc, tscinvbit, bmi1, bmi2

Memory: 4k page, physical 8281508k(2907924k free), swap 16561116k(10277768k free)

vm_info: Java HotSpot(TM) 64-Bit Server VM (25.77-b03) for windows-amd64 JRE (1.8.0_77-b03), built on Mar 20 2016 22:01:33 by "java_re" with MS VC++ 10.0 (VS2010)

time: Thu Jun 27 11:54:14 2019
elapsed time: 9 seconds (0d 0h 0m 9s)

