#
# A fatal error has been detected by the Java Runtime Environment:
#
#  EXCEPTION_ACCESS_VIOLATION (0xc0000005) at pc=0x00000000023f47fa, pid=2560, tid=4488
#
# JRE version: Java(TM) SE Runtime Environment (8.0_77-b03) (build 1.8.0_77-b03)
# Java VM: Java HotSpot(TM) 64-Bit Server VM (25.77-b03 mixed mode windows-amd64 compressed oops)
# Problematic frame:
# j  com.common.microservice.example.cxf.api.jaxws_asm.QueryWeather.getArg0()Ljava/lang/String;+1
#
# Failed to write core dump. Minidumps are not enabled by default on client versions of Windows
#
# If you would like to submit a bug report, please visit:
#   http://bugreport.java.com/bugreport/crash.jsp
#

---------------  T H R E A D  ---------------

Current thread (0x000000001bcfd800):  JavaThread "http-nio-8080-exec-1" daemon [_thread_in_Java, id=4488, stack(0x000000001caa0000,0x000000001cba0000)]

siginfo: ExceptionCode=0xc0000005, reading address 0xffffffffa99c3708

Registers:
RAX=0x0000000000000008, RBX=0x0000000000000000, RCX=0x000000001c8756f8, RDX=0xffffffff8d145f00
RSP=0x000000001cb9ced0, RBP=0x000000001cb9cf20, RSI=0x000000001bcfd800, RDI=0x00000000ffffffff
R8 =0x000000000000000b, R9 =0x00000000000000cb, R10=0x000000005f34b9e0, R11=0x000000001bf5d2c0
R12=0x0000000000000000, R13=0xffffffffa99c3708, R14=0x000000001cb9cf30, R15=0x000000001bcfd800
RIP=0x00000000023f47fa, EFLAGS=0x0000000000010202

Top of Stack: (sp=0x000000001cb9ced0)
0x000000001cb9ced0:   0000000000000001 00000000d74bcaf0
0x000000001cb9cee0:   000000001cb9cee0 000000001c87d801
0x000000001cb9cef0:   000000001cb9cf30 000000001c875598
0x000000001cb9cf00:   0000000000000000 000000001c87d808
0x000000001cb9cf10:   0000000000000000 000000001cb9cf30
0x000000001cb9cf20:   000000001cb9d010 00000000023d08da
0x000000001cb9cf30:   00000000d74bc9d0 0000000000000000
0x000000001cb9cf40:   0000000000000000 0000000000000000
0x000000001cb9cf50:   0000000000000000 0000000000000000
0x000000001cb9cf60:   0000000000000000 0000000000000000
0x000000001cb9cf70:   0000000000000000 0000000000000000
0x000000001cb9cf80:   0000000000000000 0000000000000000
0x000000001cb9cf90:   0000000000000000 0000000000000000
0x000000001cb9cfa0:   0000000000000000 0000000000000000
0x000000001cb9cfb0:   0000000000000000 0000000000000000
0x000000001cb9cfc0:   0000000000000000 0000000000000000 

Instructions: (pc=0x00000000023f47fa)
0x00000000023f47da:   00 00 e9 19 00 00 00 48 8b 49 18 8b 41 0c 83 c0
0x00000000023f47ea:   08 89 41 0c 81 e0 f8 1f 00 00 0f 84 02 01 00 00
0x00000000023f47fa:   41 0f b6 5d 00 49 ba e0 b9 34 5f 00 00 00 00 41
0x00000000023f480a:   ff 24 da e8 05 00 00 00 e9 83 00 00 00 48 8d 44 


Register to memory mapping:

RAX=0x0000000000000008 is an unknown value
RBX=0x0000000000000000 is an unknown value
RCX=0x000000001c8756f8 is pointing into metadata
RDX=0xffffffff8d145f00 is an unknown value
RSP=0x000000001cb9ced0 is pointing into the stack for thread: 0x000000001bcfd800
RBP=0x000000001cb9cf20 is pointing into the stack for thread: 0x000000001bcfd800
RSI=0x000000001bcfd800 is a thread
RDI=0x00000000ffffffff is an unallocated location in the heap
R8 =0x000000000000000b is an unknown value
R9 =0x00000000000000cb is an unknown value
R10=0x000000005f34b9e0 is an unknown value
R11=0x000000001bf5d2c0 is an unknown value
R12=0x0000000000000000 is an unknown value
R13=0xffffffffa99c3708 is an unknown value
R14=0x000000001cb9cf30 is pointing into the stack for thread: 0x000000001bcfd800
R15=0x000000001bcfd800 is a thread


Stack: [0x000000001caa0000,0x000000001cba0000],  sp=0x000000001cb9ced0,  free space=1011k
Native frames: (J=compiled Java code, j=interpreted, Vv=VM code, C=native code)
C  0x00000000023f47fa


---------------  P R O C E S S  ---------------

Java Threads: ( => current thread )
  0x000000001bfc8800 JavaThread "RMI TCP Connection(6)-127.0.0.1" daemon [_thread_in_native, id=356, stack(0x000000001f360000,0x000000001f460000)]
  0x000000001bfc7000 JavaThread "RMI TCP Connection(5)-127.0.0.1" daemon [_thread_in_native, id=8792, stack(0x000000001f170000,0x000000001f270000)]
  0x000000001bd0a000 JavaThread "RMI TCP Connection(4)-127.0.0.1" daemon [_thread_in_native, id=8716, stack(0x000000001efb0000,0x000000001f0b0000)]
  0x000000001bd08800 JavaThread "RMI TCP Connection(3)-127.0.0.1" daemon [_thread_in_native, id=4512, stack(0x000000001eb00000,0x000000001ec00000)]
  0x000000001bd08000 JavaThread "DestroyJavaVM" [_thread_blocked, id=7556, stack(0x00000000022d0000,0x00000000023d0000)]
  0x000000001bd07000 JavaThread "http-nio-8080-AsyncTimeout" daemon [_thread_blocked, id=3668, stack(0x000000001e9a0000,0x000000001eaa0000)]
  0x000000001bd06800 JavaThread "http-nio-8080-Acceptor-0" daemon [_thread_in_native, id=5940, stack(0x000000001e850000,0x000000001e950000)]
  0x000000001bd05800 JavaThread "http-nio-8080-ClientPoller-1" daemon [_thread_in_native, id=8820, stack(0x000000001e550000,0x000000001e650000)]
  0x000000001bd05000 JavaThread "http-nio-8080-ClientPoller-0" daemon [_thread_in_native, id=8916, stack(0x000000001e670000,0x000000001e770000)]
  0x000000001bd04000 JavaThread "http-nio-8080-exec-10" daemon [_thread_blocked, id=8208, stack(0x000000001e060000,0x000000001e160000)]
  0x000000001bd03800 JavaThread "http-nio-8080-exec-9" daemon [_thread_blocked, id=6856, stack(0x000000001e3c0000,0x000000001e4c0000)]
  0x000000001bd02800 JavaThread "http-nio-8080-exec-8" daemon [_thread_blocked, id=8292, stack(0x000000001e2b0000,0x000000001e3b0000)]
  0x000000001bd02000 JavaThread "http-nio-8080-exec-7" daemon [_thread_blocked, id=7732, stack(0x000000001e190000,0x000000001e290000)]
  0x000000001bd01000 JavaThread "http-nio-8080-exec-6" daemon [_thread_blocked, id=6516, stack(0x000000001dde0000,0x000000001dee0000)]
  0x000000001bd00800 JavaThread "http-nio-8080-exec-5" daemon [_thread_blocked, id=7340, stack(0x000000001df20000,0x000000001e020000)]
  0x000000001bcff800 JavaThread "http-nio-8080-exec-4" daemon [_thread_blocked, id=4832, stack(0x000000001db70000,0x000000001dc70000)]
  0x000000001bcff000 JavaThread "http-nio-8080-exec-3" daemon [_thread_blocked, id=4680, stack(0x000000001aba0000,0x000000001aca0000)]
  0x000000001bcfe000 JavaThread "http-nio-8080-exec-2" daemon [_thread_blocked, id=1964, stack(0x000000001dc80000,0x000000001dd80000)]
=>0x000000001bcfd800 JavaThread "http-nio-8080-exec-1" daemon [_thread_in_Java, id=4488, stack(0x000000001caa0000,0x000000001cba0000)]
  0x000000001bcfc800 JavaThread "NioBlockingSelector.BlockPoller-1" daemon [_thread_in_native, id=8256, stack(0x000000001da30000,0x000000001db30000)]
  0x000000001bcfc000 JavaThread "container-0" [_thread_blocked, id=8992, stack(0x000000001cd30000,0x000000001ce30000)]
  0x000000001bcfb000 JavaThread "ContainerBackgroundProcessor[StandardEngine[Tomcat]]" daemon [_thread_blocked, id=4788, stack(0x000000001d1c0000,0x000000001d2c0000)]
  0x000000001bc20000 JavaThread "GC Daemon" daemon [_thread_blocked, id=8212, stack(0x000000001ce40000,0x000000001cf40000)]
  0x000000001a068800 JavaThread "JMX server connection timeout 17" daemon [_thread_blocked, id=6236, stack(0x000000001adf0000,0x000000001aef0000)]
  0x000000001a063800 JavaThread "RMI TCP Connection(2)-127.0.0.1" daemon [_thread_in_native, id=8844, stack(0x000000001aca0000,0x000000001ada0000)]
  0x000000001a05e800 JavaThread "RMI Scheduler(0)" daemon [_thread_blocked, id=4904, stack(0x000000001a890000,0x000000001a990000)]
  0x0000000019fd3000 JavaThread "RMI TCP Connection(1)-127.0.0.1" daemon [_thread_in_native, id=3252, stack(0x00000000198c0000,0x00000000199c0000)]
  0x0000000019dbf000 JavaThread "RMI TCP Accept-0" daemon [_thread_in_native, id=2124, stack(0x0000000019200000,0x0000000019300000)]
  0x0000000019d6d800 JavaThread "RMI TCP Accept-55525" daemon [_thread_in_native, id=1420, stack(0x000000001a350000,0x000000001a450000)]
  0x0000000019d61800 JavaThread "RMI TCP Accept-0" daemon [_thread_in_native, id=6112, stack(0x00000000196a0000,0x00000000197a0000)]
  0x000000001876e000 JavaThread "Service Thread" daemon [_thread_blocked, id=840, stack(0x0000000019320000,0x0000000019420000)]
  0x00000000186ea000 JavaThread "C1 CompilerThread2" daemon [_thread_blocked, id=8408, stack(0x0000000019100000,0x0000000019200000)]
  0x00000000186e9800 JavaThread "C2 CompilerThread1" daemon [_thread_blocked, id=9212, stack(0x0000000018fd0000,0x00000000190d0000)]
  0x00000000186e4000 JavaThread "C2 CompilerThread0" daemon [_thread_blocked, id=1632, stack(0x0000000018e20000,0x0000000018f20000)]
  0x00000000186d2800 JavaThread "Attach Listener" daemon [_thread_blocked, id=6440, stack(0x0000000018460000,0x0000000018560000)]
  0x000000001728e800 JavaThread "Signal Dispatcher" daemon [_thread_blocked, id=6496, stack(0x0000000018b70000,0x0000000018c70000)]
  0x0000000017273800 JavaThread "Finalizer" daemon [_thread_blocked, id=7512, stack(0x00000000185c0000,0x00000000186c0000)]
  0x000000001722c800 JavaThread "Reference Handler" daemon [_thread_blocked, id=984, stack(0x0000000018200000,0x0000000018300000)]

Other Threads:
  0x0000000017220800 VMThread [stack: 0x0000000018310000,0x0000000018410000] [id=8768]
  0x0000000019dbf800 WatcherThread [stack: 0x000000001a4d0000,0x000000001a5d0000] [id=9104]

VM state:not at safepoint (normal execution)

VM Mutex/Monitor currently owned by a thread: None

Heap:
 PSYoungGen      total 261632K, used 24813K [0x00000000d5e00000, 0x00000000ee380000, 0x0000000100000000)
  eden space 246272K, 10% used [0x00000000d5e00000,0x00000000d763b548,0x00000000e4e80000)
  from space 15360K, 0% used [0x00000000e4e80000,0x00000000e4e80000,0x00000000e5d80000)
  to   space 16384K, 0% used [0x00000000ed380000,0x00000000ed380000,0x00000000ee380000)
 ParOldGen       total 66560K, used 18817K [0x0000000081a00000, 0x0000000085b00000, 0x00000000d5e00000)
  object space 66560K, 28% used [0x0000000081a00000,0x0000000082c60780,0x0000000085b00000)
 Metaspace       used 36551K, capacity 37120K, committed 37208K, reserved 1081344K
  class space    used 4762K, capacity 4933K, committed 4992K, reserved 1048576K

Card table byte_map: [0x0000000011790000,0x0000000011b90000] byte_map_base: 0x0000000011383000

Marking Bits: (ParMarkBitMap*) 0x000000005f360600
 Begin Bits: [0x0000000012560000, 0x00000000144f8000)
 End Bits:   [0x00000000144f8000, 0x0000000016490000)

Polling page: 0x0000000000210000

CodeCache: size=245760Kb used=7026Kb max_used=7026Kb free=238733Kb
 bounds [0x00000000023d0000, 0x0000000002ab0000, 0x00000000113d0000]
 total_blobs=3745 nmethods=3313 adapters=344
 compilation: enabled

Compilation events (10 events):
Event: 12.246 Thread 0x00000000186ea000 3308       1       org.apache.cxf.service.model.BindingOperationInfo::getOperationInfo (5 bytes)
Event: 12.246 Thread 0x00000000186ea000 nmethod 3308 0x0000000002aaacd0 code [0x0000000002aaae20, 0x0000000002aaaf30]
Event: 12.249 Thread 0x00000000186ea000 3309       1       com.sun.activation.registries.MailcapTokenizer::isWhiteSpaceChar (5 bytes)
Event: 12.249 Thread 0x00000000186ea000 nmethod 3309 0x0000000002aab190 code [0x0000000002aab300, 0x0000000002aab438]
Event: 12.253 Thread 0x00000000186ea000 3310       1       java.security.PermissionCollection::<init> (5 bytes)
Event: 12.253 Thread 0x00000000186ea000 nmethod 3310 0x0000000002aab510 code [0x0000000002aab660, 0x0000000002aab770]
Event: 12.259 Thread 0x00000000186ea000 3311       1       java.lang.Character::isJavaIdentifierPart (9 bytes)
Event: 12.259 Thread 0x00000000186ea000 nmethod 3311 0x0000000002aabc50 code [0x0000000002aabdc0, 0x0000000002aabef8]
Event: 12.259 Thread 0x00000000186ea000 3312       1       java.lang.CharacterDataLatin1::isJavaIdentifierPart (20 bytes)
Event: 12.259 Thread 0x00000000186ea000 nmethod 3312 0x0000000002aabf90 code [0x0000000002aac0e0, 0x0000000002aac230]

GC Heap History (10 events):
Event: 1.141 GC heap before
{Heap before GC invocations=7 (full 1):
 PSYoungGen      total 142848K, used 5131K [0x00000000d5e00000, 0x00000000df300000, 0x0000000100000000)
  eden space 133120K, 0% used [0x00000000d5e00000,0x00000000d5e00000,0x00000000de000000)
  from space 9728K, 52% used [0x00000000de980000,0x00000000dee82d18,0x00000000df300000)
  to   space 9728K, 0% used [0x00000000de000000,0x00000000de000000,0x00000000de980000)
 ParOldGen       total 87552K, used 8737K [0x0000000081a00000, 0x0000000086f80000, 0x00000000d5e00000)
  object space 87552K, 9% used [0x0000000081a00000,0x00000000822885c8,0x0000000086f80000)
 Metaspace       used 20734K, capacity 21082K, committed 21248K, reserved 1067008K
  class space    used 2658K, capacity 2730K, committed 2816K, reserved 1048576K
Event: 1.170 GC heap after
Heap after GC invocations=7 (full 1):
 PSYoungGen      total 142848K, used 0K [0x00000000d5e00000, 0x00000000df300000, 0x0000000100000000)
  eden space 133120K, 0% used [0x00000000d5e00000,0x00000000d5e00000,0x00000000de000000)
  from space 9728K, 0% used [0x00000000de980000,0x00000000de980000,0x00000000df300000)
  to   space 9728K, 0% used [0x00000000de000000,0x00000000de000000,0x00000000de980000)
 ParOldGen       total 49152K, used 7624K [0x0000000081a00000, 0x0000000084a00000, 0x00000000d5e00000)
  object space 49152K, 15% used [0x0000000081a00000,0x00000000821722d0,0x0000000084a00000)
 Metaspace       used 20734K, capacity 21082K, committed 21248K, reserved 1067008K
  class space    used 2658K, capacity 2730K, committed 2816K, reserved 1048576K
}
Event: 1.780 GC heap before
{Heap before GC invocations=8 (full 1):
 PSYoungGen      total 142848K, used 133120K [0x00000000d5e00000, 0x00000000df300000, 0x0000000100000000)
  eden space 133120K, 100% used [0x00000000d5e00000,0x00000000de000000,0x00000000de000000)
  from space 9728K, 0% used [0x00000000de980000,0x00000000de980000,0x00000000df300000)
  to   space 9728K, 0% used [0x00000000de000000,0x00000000de000000,0x00000000de980000)
 ParOldGen       total 49152K, used 7624K [0x0000000081a00000, 0x0000000084a00000, 0x00000000d5e00000)
  object space 49152K, 15% used [0x0000000081a00000,0x00000000821722d0,0x0000000084a00000)
 Metaspace       used 27116K, capacity 27490K, committed 27776K, reserved 1073152K
  class space    used 3477K, capacity 3629K, committed 3712K, reserved 1048576K
Event: 1.788 GC heap after
Heap after GC invocations=8 (full 1):
 PSYoungGen      total 142848K, used 9702K [0x00000000d5e00000, 0x00000000e6a80000, 0x0000000100000000)
  eden space 133120K, 0% used [0x00000000d5e00000,0x00000000d5e00000,0x00000000de000000)
  from space 9728K, 99% used [0x00000000de000000,0x00000000de979ae0,0x00000000de980000)
  to   space 12288K, 0% used [0x00000000e5e80000,0x00000000e5e80000,0x00000000e6a80000)
 ParOldGen       total 49152K, used 10066K [0x0000000081a00000, 0x0000000084a00000, 0x00000000d5e00000)
  object space 49152K, 20% used [0x0000000081a00000,0x00000000823d4a60,0x0000000084a00000)
 Metaspace       used 27116K, capacity 27490K, committed 27776K, reserved 1073152K
  class space    used 3477K, capacity 3629K, committed 3712K, reserved 1048576K
}
Event: 2.311 GC heap before
{Heap before GC invocations=9 (full 1):
 PSYoungGen      total 142848K, used 142822K [0x00000000d5e00000, 0x00000000e6a80000, 0x0000000100000000)
  eden space 133120K, 100% used [0x00000000d5e00000,0x00000000de000000,0x00000000de000000)
  from space 9728K, 99% used [0x00000000de000000,0x00000000de979ae0,0x00000000de980000)
  to   space 12288K, 0% used [0x00000000e5e80000,0x00000000e5e80000,0x00000000e6a80000)
 ParOldGen       total 49152K, used 10066K [0x0000000081a00000, 0x0000000084a00000, 0x00000000d5e00000)
  object space 49152K, 20% used [0x0000000081a00000,0x00000000823d4a60,0x0000000084a00000)
 Metaspace       used 32779K, capacity 33282K, committed 33408K, reserved 1079296K
  class space    used 4296K, capacity 4435K, committed 4480K, reserved 1048576K
Event: 2.321 GC heap after
Heap after GC invocations=9 (full 1):
 PSYoungGen      total 258560K, used 12279K [0x00000000d5e00000, 0x00000000e6c80000, 0x0000000100000000)
  eden space 246272K, 0% used [0x00000000d5e00000,0x00000000d5e00000,0x00000000e4e80000)
  from space 12288K, 99% used [0x00000000e5e80000,0x00000000e6a7dd18,0x00000000e6a80000)
  to   space 15360K, 0% used [0x00000000e4e80000,0x00000000e4e80000,0x00000000e5d80000)
 ParOldGen       total 49152K, used 13228K [0x0000000081a00000, 0x0000000084a00000, 0x00000000d5e00000)
  object space 49152K, 26% used [0x0000000081a00000,0x00000000826eb1c0,0x0000000084a00000)
 Metaspace       used 32779K, capacity 33282K, committed 33408K, reserved 1079296K
  class space    used 4296K, capacity 4435K, committed 4480K, reserved 1048576K
}
Event: 12.057 GC heap before
{Heap before GC invocations=10 (full 1):
 PSYoungGen      total 258560K, used 119075K [0x00000000d5e00000, 0x00000000e6c80000, 0x0000000100000000)
  eden space 246272K, 43% used [0x00000000d5e00000,0x00000000dc64b2c0,0x00000000e4e80000)
  from space 12288K, 99% used [0x00000000e5e80000,0x00000000e6a7dd18,0x00000000e6a80000)
  to   space 15360K, 0% used [0x00000000e4e80000,0x00000000e4e80000,0x00000000e5d80000)
 ParOldGen       total 49152K, used 13228K [0x0000000081a00000, 0x0000000084a00000, 0x00000000d5e00000)
  object space 49152K, 26% used [0x0000000081a00000,0x00000000826eb1c0,0x0000000084a00000)
 Metaspace       used 34755K, capacity 35290K, committed 35416K, reserved 1079296K
  class space    used 4569K, capacity 4708K, committed 4736K, reserved 1048576K
Event: 12.073 GC heap after
Heap after GC invocations=10 (full 1):
 PSYoungGen      total 261632K, used 12893K [0x00000000d5e00000, 0x00000000ee380000, 0x0000000100000000)
  eden space 246272K, 0% used [0x00000000d5e00000,0x00000000d5e00000,0x00000000e4e80000)
  from space 15360K, 83% used [0x00000000e4e80000,0x00000000e5b176c8,0x00000000e5d80000)
  to   space 16384K, 0% used [0x00000000ed380000,0x00000000ed380000,0x00000000ee380000)
 ParOldGen       total 49152K, used 13236K [0x0000000081a00000, 0x0000000084a00000, 0x00000000d5e00000)
  object space 49152K, 26% used [0x0000000081a00000,0x00000000826ed1c0,0x0000000084a00000)
 Metaspace       used 34755K, capacity 35290K, committed 35416K, reserved 1079296K
  class space    used 4569K, capacity 4708K, committed 4736K, reserved 1048576K
}
Event: 12.073 GC heap before
{Heap before GC invocations=11 (full 2):
 PSYoungGen      total 261632K, used 12893K [0x00000000d5e00000, 0x00000000ee380000, 0x0000000100000000)
  eden space 246272K, 0% used [0x00000000d5e00000,0x00000000d5e00000,0x00000000e4e80000)
  from space 15360K, 83% used [0x00000000e4e80000,0x00000000e5b176c8,0x00000000e5d80000)
  to   space 16384K, 0% used [0x00000000ed380000,0x00000000ed380000,0x00000000ee380000)
 ParOldGen       total 49152K, used 13236K [0x0000000081a00000, 0x0000000084a00000, 0x00000000d5e00000)
  object space 49152K, 26% used [0x0000000081a00000,0x00000000826ed1c0,0x0000000084a00000)
 Metaspace       used 34755K, capacity 35290K, committed 35416K, reserved 1079296K
  class space    used 4569K, capacity 4708K, committed 4736K, reserved 1048576K
Event: 12.177 GC heap after
Heap after GC invocations=11 (full 2):
 PSYoungGen      total 261632K, used 0K [0x00000000d5e00000, 0x00000000ee380000, 0x0000000100000000)
  eden space 246272K, 0% used [0x00000000d5e00000,0x00000000d5e00000,0x00000000e4e80000)
  from space 15360K, 0% used [0x00000000e4e80000,0x00000000e4e80000,0x00000000e5d80000)
  to   space 16384K, 0% used [0x00000000ed380000,0x00000000ed380000,0x00000000ee380000)
 ParOldGen       total 66560K, used 18817K [0x0000000081a00000, 0x0000000085b00000, 0x00000000d5e00000)
  object space 66560K, 28% used [0x0000000081a00000,0x0000000082c60780,0x0000000085b00000)
 Metaspace       used 34755K, capacity 35290K, committed 35416K, reserved 1079296K
  class space    used 4569K, capacity 4708K, committed 4736K, reserved 1048576K
}

Deoptimization events (0 events):
No events

Internal exceptions (10 events):
Event: 12.239 Thread 0x000000001bcfd800 Exception <a 'java/lang/ArrayIndexOutOfBoundsException'> (0x00000000d6a2d1e8) thrown at [D:\re\workspace\8-2-build-windows-amd64-cygwin\jdk8u77\6540\hotspot\src\share\vm\runtime\sharedRuntime.cpp, line 605]
Event: 12.240 Thread 0x000000001bcfd800 Exception <a 'java/lang/ArrayIndexOutOfBoundsException'> (0x00000000d6a66e70) thrown at [D:\re\workspace\8-2-build-windows-amd64-cygwin\jdk8u77\6540\hotspot\src\share\vm\runtime\sharedRuntime.cpp, line 605]
Event: 12.240 Thread 0x000000001bcfd800 Exception <a 'java/lang/ArrayIndexOutOfBoundsException'> (0x00000000d6a7d740) thrown at [D:\re\workspace\8-2-build-windows-amd64-cygwin\jdk8u77\6540\hotspot\src\share\vm\runtime\sharedRuntime.cpp, line 605]
Event: 12.240 Thread 0x000000001bcfd800 Exception <a 'java/lang/ArrayIndexOutOfBoundsException'> (0x00000000d6a917b8) thrown at [D:\re\workspace\8-2-build-windows-amd64-cygwin\jdk8u77\6540\hotspot\src\share\vm\runtime\sharedRuntime.cpp, line 605]
Event: 12.246 Thread 0x000000001bcfd800 Exception <a 'java/io/FileNotFoundException'> (0x00000000d6bdc810) thrown at [D:\re\workspace\8-2-build-windows-amd64-cygwin\jdk8u77\6540\hotspot\src\share\vm\prims\jni.cpp, line 709]
Event: 12.246 Thread 0x000000001bcfd800 Exception <a 'java/io/FileNotFoundException'> (0x00000000d6bdd270) thrown at [D:\re\workspace\8-2-build-windows-amd64-cygwin\jdk8u77\6540\hotspot\src\share\vm\prims\jni.cpp, line 709]
Event: 12.248 Thread 0x000000001bcfd800 Exception <a 'java/io/FileNotFoundException'> (0x00000000d6c189c8) thrown at [D:\re\workspace\8-2-build-windows-amd64-cygwin\jdk8u77\6540\hotspot\src\share\vm\prims\jni.cpp, line 709]
Event: 12.248 Thread 0x000000001bcfd800 Exception <a 'java/io/FileNotFoundException'> (0x00000000d6c19390) thrown at [D:\re\workspace\8-2-build-windows-amd64-cygwin\jdk8u77\6540\hotspot\src\share\vm\prims\jni.cpp, line 709]
Event: 12.289 Thread 0x000000001bcfd800 Exception <a 'java/lang/NoClassDefFoundError': org/jvnet/staxex/XMLStreamReaderEx> (0x00000000d7485d40) thrown at [D:\re\workspace\8-2-build-windows-amd64-cygwin\jdk8u77\6540\hotspot\src\share\vm\classfile\systemDictionary.cpp, line 199]
Event: 12.293 Thread 0x000000001bcfd800 Exception <a 'java/lang/ArrayIndexOutOfBoundsException': -2> (0x00000000d753eed0) thrown at [D:\re\workspace\8-2-build-windows-amd64-cygwin\jdk8u77\6540\hotspot\src\share\vm\interpreter\interpreterRuntime.cpp, line 366]

Events (10 events):
Event: 12.291 loading class org/apache/cxf/databinding/WrapperHelper
Event: 12.291 loading class org/apache/cxf/databinding/WrapperHelper done
Event: 12.291 loading class com/common/microservice/example/cxf/api/jaxws_asm/ObjectFactory
Event: 12.291 loading class com/common/microservice/example/cxf/api/jaxws_asm/ObjectFactory done
Event: 12.291 loading class org/apache/cxf/databinding/AbstractWrapperHelper
Event: 12.291 loading class org/apache/cxf/databinding/AbstractWrapperHelper done
Event: 12.292 loading class org/apache/cxf/jaxb/WrapperHelperCompiler
Event: 12.292 loading class org/apache/cxf/jaxb/WrapperHelperCompiler done
Event: 12.293 loading class org/apache/cxf/jaxb/JAXBWrapperHelper
Event: 12.293 loading class org/apache/cxf/jaxb/JAXBWrapperHelper done


Dynamic libraries:
0x000000013f780000 - 0x000000013f7b7000 	D:\Program Files\Java\jdk1.8.0_77\bin\javaw.exe
0x0000000077580000 - 0x000000007771f000 	C:\Windows\SYSTEM32\ntdll.dll
0x0000000077360000 - 0x000000007747f000 	C:\Windows\system32\kernel32.dll
0x000007fefd400000 - 0x000007fefd467000 	C:\Windows\system32\KERNELBASE.dll
0x000007fefd660000 - 0x000007fefd73b000 	C:\Windows\system32\ADVAPI32.dll
0x000007fefeea0000 - 0x000007fefef3f000 	C:\Windows\system32\msvcrt.dll
0x000007fefd4b0000 - 0x000007fefd4cf000 	C:\Windows\SYSTEM32\sechost.dll
0x000007fefed70000 - 0x000007fefee9c000 	C:\Windows\system32\RPCRT4.dll
0x0000000077480000 - 0x000000007757a000 	C:\Windows\system32\USER32.dll
0x000007feff5c0000 - 0x000007feff627000 	C:\Windows\system32\GDI32.dll
0x000007fefd4d0000 - 0x000007fefd4de000 	C:\Windows\system32\LPK.dll
0x000007feff630000 - 0x000007feff6fb000 	C:\Windows\system32\USP10.dll
0x000007fefb870000 - 0x000007fefba65000 	C:\Windows\WinSxS\amd64_microsoft.windows.common-controls_6595b64144ccf1df_6.0.7601.24460_none_e3711c5330fd38b4\COMCTL32.dll
0x000007feff7f0000 - 0x000007feff861000 	C:\Windows\system32\SHLWAPI.dll
0x000007feff590000 - 0x000007feff5be000 	C:\Windows\system32\IMM32.DLL
0x000007fefda10000 - 0x000007fefdb19000 	C:\Windows\system32\MSCTF.dll
0x0000000052dd0000 - 0x0000000052ea2000 	D:\Program Files\Java\jdk1.8.0_77\jre\bin\msvcr100.dll
0x000000005eb50000 - 0x000000005f3e0000 	D:\Program Files\Java\jdk1.8.0_77\jre\bin\server\jvm.dll
0x000007feec850000 - 0x000007feec859000 	C:\Windows\system32\WSOCK32.dll
0x000007feff700000 - 0x000007feff74d000 	C:\Windows\system32\WS2_32.dll
0x000007fefef40000 - 0x000007fefef48000 	C:\Windows\system32\NSI.dll
0x000007fef79c0000 - 0x000007fef79fb000 	C:\Windows\system32\WINMM.dll
0x000007fefc1b0000 - 0x000007fefc1bc000 	C:\Windows\system32\VERSION.dll
0x0000000077720000 - 0x0000000077727000 	C:\Windows\system32\PSAPI.DLL
0x0000000074730000 - 0x000000007473f000 	D:\Program Files\Java\jdk1.8.0_77\jre\bin\verify.dll
0x00000000740b0000 - 0x00000000740d9000 	D:\Program Files\Java\jdk1.8.0_77\jre\bin\java.dll
0x0000000074060000 - 0x0000000074076000 	D:\Program Files\Java\jdk1.8.0_77\jre\bin\zip.dll
0x000007fefdfe0000 - 0x000007fefed6b000 	C:\Windows\system32\SHELL32.dll
0x000007fefdc00000 - 0x000007fefddff000 	C:\Windows\system32\ole32.dll
0x000007fefd0e0000 - 0x000007fefd0ef000 	C:\Windows\system32\profapi.dll
0x0000000057430000 - 0x000000005743d000 	D:\Program Files\Java\jdk1.8.0_77\jre\bin\management.dll
0x0000000073fc0000 - 0x0000000073fda000 	D:\Program Files\Java\jdk1.8.0_77\jre\bin\net.dll
0x000007fefc8d0000 - 0x000007fefc925000 	C:\Windows\system32\mswsock.dll
0x000007fefc8c0000 - 0x000007fefc8c7000 	C:\Windows\System32\wship6.dll
0x0000000073fa0000 - 0x0000000073fb1000 	D:\Program Files\Java\jdk1.8.0_77\jre\bin\nio.dll
0x000007fefac90000 - 0x000007fefaca5000 	C:\Windows\system32\NLAapi.dll
0x000007fef7a50000 - 0x000007fef7a65000 	C:\Windows\system32\napinsp.dll
0x000007fef7a30000 - 0x000007fef7a49000 	C:\Windows\system32\pnrpnsp.dll
0x000007fefc670000 - 0x000007fefc6cb000 	C:\Windows\system32\DNSAPI.dll
0x000007fef7a20000 - 0x000007fef7a2b000 	C:\Windows\System32\winrnr.dll
0x0000000073350000 - 0x0000000073376000 	C:\Program Files\Bonjour\mdnsNSP.dll
0x000007fefab90000 - 0x000007fefabb7000 	C:\Windows\system32\Iphlpapi.DLL
0x000007fefab70000 - 0x000007fefab7b000 	C:\Windows\system32\WINNSI.DLL
0x000007fefc280000 - 0x000007fefc287000 	C:\Windows\System32\wshtcpip.dll
0x000007fef8f50000 - 0x000007fef8f58000 	C:\Windows\system32\rasadhlp.dll
0x000007fefaa30000 - 0x000007fefaa83000 	C:\Windows\System32\fwpuclnt.dll
0x000007fefc930000 - 0x000007fefc948000 	C:\Windows\system32\CRYPTSP.dll
0x000007fefc550000 - 0x000007fefc597000 	C:\Windows\system32\rsaenh.dll
0x000007fefd3b0000 - 0x000007fefd3cf000 	C:\Windows\system32\USERENV.dll
0x000007fefcf30000 - 0x000007fefcf3f000 	C:\Windows\system32\CRYPTBASE.dll
0x000007fefaa00000 - 0x000007fefaa11000 	C:\Windows\system32\dhcpcsvc6.DLL
0x000007fefa980000 - 0x000007fefa998000 	C:\Windows\system32\dhcpcsvc.DLL
0x0000000074030000 - 0x0000000074054000 	D:\Program Files\Java\jdk1.8.0_77\jre\bin\sunec.dll
0x0000000058100000 - 0x000000005810b000 	D:\Program Files\Java\jdk1.8.0_77\jre\bin\sunmscapi.dll
0x000007fefd140000 - 0x000007fefd2ad000 	C:\Windows\system32\CRYPT32.dll
0x000007fefd0d0000 - 0x000007fefd0df000 	C:\Windows\system32\MSASN1.dll
0x000007fef7b40000 - 0x000007fef7c65000 	C:\Windows\system32\dbghelp.dll

VM Arguments:
jvm_args: -Dcom.sun.management.jmxremote -Dcom.sun.management.jmxremote.port=55525 -Dcom.sun.management.jmxremote.authenticate=false -Dcom.sun.management.jmxremote.ssl=false -Djava.rmi.server.hostname=localhost -Dspring.jmx.enabled=true -Dspring.liveBeansView.mbeanDomain -Dspring.application.admin.enabled=true -Xverify:none -XX:TieredStopAtLevel=1 -Dfile.encoding=UTF-8 
java_command: com.common.microservice.example.server.ProviderApplication --spring.output.ansi.enabled=always
java_class_path (initial): E:\GitHub\微服务\common-microservice\common-microservice-example\common-microservice-example-server\target\classes;E:\GitHub\微服务\common-microservice\common-microservice-example\common-microservice-example-api\target\classes;F:\apache-maven-3.2.5\repository\com\sun\jersey\jersey-server\1.18\jersey-server-1.18.jar;F:\apache-maven-3.2.5\repository\asm\asm\3.1\asm-3.1.jar;F:\apache-maven-3.2.5\repository\com\sun\jersey\jersey-core\1.18\jersey-core-1.18.jar;F:\apache-maven-3.2.5\repository\com\sun\jersey\jersey-grizzly2\1.18\jersey-grizzly2-1.18.jar;F:\apache-maven-3.2.5\repository\org\glassfish\grizzly\grizzly-http\2.2.16\grizzly-http-2.2.16.jar;F:\apache-maven-3.2.5\repository\org\glassfish\grizzly\grizzly-framework\2.2.16\grizzly-framework-2.2.16.jar;F:\apache-maven-3.2.5\repository\org\glassfish\grizzly\grizzly-http-server\2.2.16\grizzly-http-server-2.2.16.jar;F:\apache-maven-3.2.5\repository\org\glassfish\grizzly\grizzly-rcm\2.2.16\grizzly-rcm-2.2.16.jar;E:\GitHub\微服务\common-microservice\common-microservice\common-microservice-rest-support\target\classes;E:\GitHub\微服务\common-microservice\common-microservice\common-microservice-server-starter\target\classes;F:\apache-maven-3.2.5\repository\org\springframework\boot\spring-boot-starter-web\1.5.6.RELEASE\spring-boot-starter-web-1.5.6.RELEASE.jar;F:\apache-maven-3.2.5\repository\org\springframework\boot\spring-boot-starter\1.5.6.RELEASE\spring-boot-starter-1.5.6.RELEASE.jar;F:\apache-maven-3.2.5\repository\org\springframework\boot\spring-boot\1.5.6.RELEASE\spring-boot-1.5.6.RELEASE.jar;F:\apache-maven-3.2.5\repository\org\springframework\boot\spring-boot-autoconfigure\1.5.6.RELEASE\spring-boot-autoconfigure-1.5.6.RELEASE.jar;F:\apache-maven-3.2.5\repository\org\springframework\boot\spring-boot-starter-logging\1.5.6.RELEASE\spring-boot-starter-logging-1.5.6.RELEASE.jar;F:\apache-maven-3.2.5\repository\ch\qos\logback\logback-classic\1.1.11\logback-classic-1.1.11.jar;F:\apache-maven-3.2
Launcher Type: SUN_STANDARD

Environment Variables:
JAVA_HOME=D:\Program Files\Java\jdk1.8.0_77
PATH=D:/Program Files/Java/jdk1.8.0_77/bin/../jre/bin/server;D:/Program Files/Java/jdk1.8.0_77/bin/../jre/bin;D:/Program Files/Java/jdk1.8.0_77/bin/../jre/lib/amd64;D:\Program Files\Java\jdk1.8.0_77\bin;F:\apache-maven-3.3.9\bin;D:\Program Files\gradle-3.3\bin;D:\Program Files\apache-ant-1.10.1\bin;F:\softs\apache-tomcat-7.0.94\apache-tomcat-7.0.94\bin;C:\Windows\system32;C:\Windows;C:\Windows\System32\Wbem;C:\Windows\System32\WindowsPowerShell\v1.0\;D:\Program Files\TortoiseSVN\bin;D:\Program Files\SlikSvn\bin;D:\Program Files\MySQL\MySQL Server 5.5\bin;D:\Program Files (x86)\Calibre2\;C:\Program Files\MySQL\MySQL Utilities 1.6\;D:\Program Files\nodejs\;F:\softs\erl7.1\bin;C:\Program Files\TortoiseGit\bin;C:\Program Files\Git\cmd;C:\Users\Administrator\AppData\Roaming\npm;F:\softs\spring-tool-suite-3.9.8.RELEASE-e4.11.0-win32-x86_64\sts-bundle\sts-3.9.8.RELEASE;
USERNAME=Administrator
OS=Windows_NT
PROCESSOR_IDENTIFIER=Intel64 Family 6 Model 60 Stepping 3, GenuineIntel



---------------  S Y S T E M  ---------------

OS: Windows 7 , 64 bit Build 7601 (6.1.7601.24475)

CPU:total 4 (4 cores per cpu, 1 threads per core) family 6 model 60 stepping 3, cmov, cx8, fxsr, mmx, sse, sse2, sse3, ssse3, sse4.1, sse4.2, popcnt, avx, avx2, aes, clmul, erms, rtm, lzcnt, tsc, tscinvbit, bmi1, bmi2

Memory: 4k page, physical 8281508k(2931808k free), swap 16561116k(10216632k free)

vm_info: Java HotSpot(TM) 64-Bit Server VM (25.77-b03) for windows-amd64 JRE (1.8.0_77-b03), built on Mar 20 2016 22:01:33 by "java_re" with MS VC++ 10.0 (VS2010)

time: Thu Jun 27 11:53:36 2019
elapsed time: 12 seconds (0d 0h 0m 12s)

