#
# A fatal error has been detected by the Java Runtime Environment:
#
#  EXCEPTION_ACCESS_VIOLATION (0xc0000005) at pc=0x00000000024547fa, pid=3872, tid=8832
#
# JRE version: Java(TM) SE Runtime Environment (8.0_77-b03) (build 1.8.0_77-b03)
# Java VM: Java HotSpot(TM) 64-Bit Server VM (25.77-b03 mixed mode windows-amd64 compressed oops)
# Problematic frame:
# j  com.common.microservice.example.cxf.api.jaxws_asm.QueryWeather.getArg0()Ljava/lang/String;+1
#
# Failed to write core dump. Minidumps are not enabled by default on client versions of Windows
#
# If you would like to submit a bug report, please visit:
#   http://bugreport.java.com/bugreport/crash.jsp
#

---------------  T H R E A D  ---------------

Current thread (0x000000001ba1f000):  JavaThread "http-nio-8080-exec-3" daemon [_thread_in_Java, id=8832, stack(0x000000001d9c0000,0x000000001dac0000)]

siginfo: ExceptionCode=0xc0000005, reading address 0xffffffffa94c3708

Registers:
RAX=0x0000000000000008, RBX=0x0000000000000000, RCX=0x000000001c3756f8, RDX=0xffffffff8d145f00
RSP=0x000000001dabcf50, RBP=0x000000001dabcfa0, RSI=0x000000001ba1f000, RDI=0x00000000ffffffff
R8 =0x000000000000000b, R9 =0x00000000000000cb, R10=0x000000005f34b9e0, R11=0x000000001bc7d720
R12=0x0000000000000000, R13=0xffffffffa94c3708, R14=0x000000001dabcfb0, R15=0x000000001ba1f000
RIP=0x00000000024547fa, EFLAGS=0x0000000000010202

Top of Stack: (sp=0x000000001dabcf50)
0x000000001dabcf50:   0000000000000001 00000000d88193d8
0x000000001dabcf60:   000000001dabcf60 000000001c37d801
0x000000001dabcf70:   000000001dabcfb0 000000001c375598
0x000000001dabcf80:   0000000000000000 000000001c37d808
0x000000001dabcf90:   0000000000000000 000000001dabcfb0
0x000000001dabcfa0:   000000001dabd090 00000000024308da
0x000000001dabcfb0:   00000000d88192b8 0000000000000000
0x000000001dabcfc0:   0000000000000000 0000000000000000
0x000000001dabcfd0:   0000000000000000 0000000000000000
0x000000001dabcfe0:   0000000000000000 0000000000000000
0x000000001dabcff0:   0000000000000000 0000000000000000
0x000000001dabd000:   0000000000000000 0000000000000000
0x000000001dabd010:   0000000000000000 0000000000000000
0x000000001dabd020:   0000000000000000 0000000000000000
0x000000001dabd030:   0000000000000000 0000000000000000
0x000000001dabd040:   0000000000000000 0000000000000000 

Instructions: (pc=0x00000000024547fa)
0x00000000024547da:   00 00 e9 19 00 00 00 48 8b 49 18 8b 41 0c 83 c0
0x00000000024547ea:   08 89 41 0c 81 e0 f8 1f 00 00 0f 84 02 01 00 00
0x00000000024547fa:   41 0f b6 5d 00 49 ba e0 b9 34 5f 00 00 00 00 41
0x000000000245480a:   ff 24 da e8 05 00 00 00 e9 83 00 00 00 48 8d 44 


Register to memory mapping:

RAX=0x0000000000000008 is an unknown value
RBX=0x0000000000000000 is an unknown value
RCX=0x000000001c3756f8 is pointing into metadata
RDX=0xffffffff8d145f00 is an unknown value
RSP=0x000000001dabcf50 is pointing into the stack for thread: 0x000000001ba1f000
RBP=0x000000001dabcfa0 is pointing into the stack for thread: 0x000000001ba1f000
RSI=0x000000001ba1f000 is a thread
RDI=0x00000000ffffffff is an unallocated location in the heap
R8 =0x000000000000000b is an unknown value
R9 =0x00000000000000cb is an unknown value
R10=0x000000005f34b9e0 is an unknown value
R11=0x000000001bc7d720 is an unknown value
R12=0x0000000000000000 is an unknown value
R13=0xffffffffa94c3708 is an unknown value
R14=0x000000001dabcfb0 is pointing into the stack for thread: 0x000000001ba1f000
R15=0x000000001ba1f000 is a thread


Stack: [0x000000001d9c0000,0x000000001dac0000],  sp=0x000000001dabcf50,  free space=1011k
Native frames: (J=compiled Java code, j=interpreted, Vv=VM code, C=native code)
C  0x00000000024547fa


---------------  P R O C E S S  ---------------

Java Threads: ( => current thread )
  0x000000001bcf3800 JavaThread "RMI TCP Connection(idle)" daemon [_thread_blocked, id=2392, stack(0x000000001f070000,0x000000001f170000)]
  0x000000001bcca000 JavaThread "RMI TCP Connection(idle)" daemon [_thread_blocked, id=9080, stack(0x000000001ed40000,0x000000001ee40000)]
  0x000000001bcc9800 JavaThread "RMI TCP Connection(idle)" daemon [_thread_blocked, id=7392, stack(0x000000001eb40000,0x000000001ec40000)]
  0x000000001bcc8800 JavaThread "DestroyJavaVM" [_thread_blocked, id=1096, stack(0x0000000002330000,0x0000000002430000)]
  0x000000001bcc8000 JavaThread "http-nio-8080-AsyncTimeout" daemon [_thread_blocked, id=8628, stack(0x000000001e2f0000,0x000000001e3f0000)]
  0x000000001bcc7000 JavaThread "http-nio-8080-Acceptor-0" daemon [_thread_in_native, id=3396, stack(0x000000001ea30000,0x000000001eb30000)]
  0x000000001bcc6800 JavaThread "http-nio-8080-ClientPoller-1" daemon [_thread_in_native, id=8620, stack(0x000000001e860000,0x000000001e960000)]
  0x000000001bcc5800 JavaThread "http-nio-8080-ClientPoller-0" daemon [_thread_in_native, id=7916, stack(0x000000001e6d0000,0x000000001e7d0000)]
  0x000000001bcc5000 JavaThread "http-nio-8080-exec-10" daemon [_thread_blocked, id=7688, stack(0x000000001e5d0000,0x000000001e6d0000)]
  0x000000001bcc4000 JavaThread "http-nio-8080-exec-9" daemon [_thread_blocked, id=7728, stack(0x000000001e440000,0x000000001e540000)]
  0x000000001bcc3800 JavaThread "http-nio-8080-exec-8" daemon [_thread_blocked, id=4316, stack(0x000000001e1e0000,0x000000001e2e0000)]
  0x000000001ba22000 JavaThread "http-nio-8080-exec-7" daemon [_thread_blocked, id=5208, stack(0x000000001e0e0000,0x000000001e1e0000)]
  0x000000001ba21800 JavaThread "http-nio-8080-exec-6" daemon [_thread_blocked, id=8336, stack(0x000000001dfb0000,0x000000001e0b0000)]
  0x000000001ba20800 JavaThread "http-nio-8080-exec-5" daemon [_thread_blocked, id=9068, stack(0x000000001ddb0000,0x000000001deb0000)]
  0x000000001ba1f800 JavaThread "http-nio-8080-exec-4" daemon [_thread_blocked, id=9076, stack(0x000000001dbb0000,0x000000001dcb0000)]
=>0x000000001ba1f000 JavaThread "http-nio-8080-exec-3" daemon [_thread_in_Java, id=8832, stack(0x000000001d9c0000,0x000000001dac0000)]
  0x000000001ba1e000 JavaThread "http-nio-8080-exec-2" daemon [_thread_blocked, id=1424, stack(0x000000001d870000,0x000000001d970000)]
  0x000000001ba1d800 JavaThread "http-nio-8080-exec-1" daemon [_thread_blocked, id=1072, stack(0x000000001cc20000,0x000000001cd20000)]
  0x000000001ba1c800 JavaThread "NioBlockingSelector.BlockPoller-1" daemon [_thread_in_native, id=6696, stack(0x000000001d720000,0x000000001d820000)]
  0x000000001ba1c000 JavaThread "container-0" [_thread_blocked, id=8916, stack(0x000000001cf60000,0x000000001d060000)]
  0x000000001ba1b000 JavaThread "ContainerBackgroundProcessor[StandardEngine[Tomcat]]" daemon [_thread_blocked, id=8944, stack(0x000000001cd70000,0x000000001ce70000)]
  0x000000001b94f000 JavaThread "GC Daemon" daemon [_thread_blocked, id=5144, stack(0x000000001c800000,0x000000001c900000)]
  0x0000000019e59000 JavaThread "JMX server connection timeout 17" daemon [_thread_blocked, id=3668, stack(0x000000001a900000,0x000000001aa00000)]
  0x0000000019e51000 JavaThread "RMI TCP Connection(6)-127.0.0.1" daemon [_thread_in_native, id=8740, stack(0x000000001aa20000,0x000000001ab20000)]
  0x0000000019e42000 JavaThread "RMI Scheduler(0)" daemon [_thread_blocked, id=5692, stack(0x0000000019670000,0x0000000019770000)]
  0x0000000019dd6800 JavaThread "RMI TCP Connection(idle)" daemon [_thread_blocked, id=5940, stack(0x000000001a5c0000,0x000000001a6c0000)]
  0x0000000019b75800 JavaThread "RMI TCP Accept-0" daemon [_thread_in_native, id=9204, stack(0x000000001a200000,0x000000001a300000)]
  0x0000000019b28000 JavaThread "RMI TCP Accept-55388" daemon [_thread_in_native, id=8292, stack(0x000000001a0f0000,0x000000001a1f0000)]
  0x0000000019b1a000 JavaThread "RMI TCP Accept-0" daemon [_thread_in_native, id=6856, stack(0x0000000019100000,0x0000000019200000)]
  0x000000001861e000 JavaThread "Service Thread" daemon [_thread_blocked, id=6516, stack(0x0000000018ec0000,0x0000000018fc0000)]
  0x000000001859a800 JavaThread "C1 CompilerThread2" daemon [_thread_blocked, id=7732, stack(0x0000000018fc0000,0x00000000190c0000)]
  0x0000000018598800 JavaThread "C2 CompilerThread1" daemon [_thread_blocked, id=5752, stack(0x0000000018b60000,0x0000000018c60000)]
  0x0000000018593800 JavaThread "C2 CompilerThread0" daemon [_thread_blocked, id=8296, stack(0x0000000018dc0000,0x0000000018ec0000)]
  0x000000001857b000 JavaThread "Attach Listener" daemon [_thread_blocked, id=4912, stack(0x0000000018c80000,0x0000000018d80000)]
  0x000000001857a800 JavaThread "Signal Dispatcher" daemon [_thread_blocked, id=5892, stack(0x00000000189f0000,0x0000000018af0000)]
  0x00000000171de800 JavaThread "Finalizer" daemon [_thread_blocked, id=8216, stack(0x0000000018470000,0x0000000018570000)]
  0x0000000017197800 JavaThread "Reference Handler" daemon [_thread_blocked, id=7048, stack(0x00000000182f0000,0x00000000183f0000)]

Other Threads:
  0x000000001718f800 VMThread [stack: 0x00000000180b0000,0x00000000181b0000] [id=8196]
  0x0000000019b76000 WatcherThread [stack: 0x0000000019530000,0x0000000019630000] [id=6912]

VM state:not at safepoint (normal execution)

VM Mutex/Monitor currently owned by a thread: None

Heap:
 PSYoungGen      total 246272K, used 43691K [0x00000000d5e00000, 0x00000000ebb80000, 0x0000000100000000)
  eden space 230912K, 18% used [0x00000000d5e00000,0x00000000d88aacd0,0x00000000e3f80000)
  from space 15360K, 0% used [0x00000000e3f80000,0x00000000e3f80000,0x00000000e4e80000)
  to   space 16384K, 0% used [0x00000000eab80000,0x00000000eab80000,0x00000000ebb80000)
 ParOldGen       total 73728K, used 19294K [0x0000000081a00000, 0x0000000086200000, 0x00000000d5e00000)
  object space 73728K, 26% used [0x0000000081a00000,0x0000000082cd7938,0x0000000086200000)
 Metaspace       used 37345K, capacity 37894K, committed 38104K, reserved 1083392K
  class space    used 4842K, capacity 4998K, committed 5120K, reserved 1048576K

Card table byte_map: [0x00000000117f0000,0x0000000011bf0000] byte_map_base: 0x00000000113e3000

Marking Bits: (ParMarkBitMap*) 0x000000005f360600
 Begin Bits: [0x00000000124d0000, 0x0000000014468000)
 End Bits:   [0x0000000014468000, 0x0000000016400000)

Polling page: 0x0000000000100000

CodeCache: size=245760Kb used=7093Kb max_used=7093Kb free=238666Kb
 bounds [0x0000000002430000, 0x0000000002b20000, 0x0000000011430000]
 total_blobs=3790 nmethods=3355 adapters=347
 compilation: enabled

Compilation events (10 events):
Event: 68.095 Thread 0x000000001859a800 3351       1       sun.util.PreHashedMap::get (73 bytes)
Event: 68.095 Thread 0x000000001859a800 nmethod 3351 0x0000000002b1b9d0 code [0x0000000002b1bb60, 0x0000000002b1be38]
Event: 68.097 Thread 0x000000001859a800 3352       1       com.sun.activation.registries.MailcapTokenizer::isWhiteSpaceChar (5 bytes)
Event: 68.097 Thread 0x000000001859a800 nmethod 3352 0x0000000002b1c050 code [0x0000000002b1c1c0, 0x0000000002b1c2f8]
Event: 68.114 Thread 0x000000001859a800 3354       1       java.nio.charset.CharsetDecoder::<init> (10 bytes)
Event: 68.114 Thread 0x000000001859a800 nmethod 3354 0x0000000002b1c990 code [0x0000000002b1cae0, 0x0000000002b1cc08]
Event: 68.114 Thread 0x000000001859a800 3355       1       java.nio.charset.CharsetDecoder::<init> (108 bytes)
Event: 68.114 Thread 0x000000001859a800 nmethod 3355 0x0000000002b1cc90 code [0x0000000002b1ce40, 0x0000000002b1d268]
Event: 68.124 Thread 0x000000001859a800 3356       1       java.util.Hashtable::access$400 (5 bytes)
Event: 68.125 Thread 0x000000001859a800 nmethod 3356 0x0000000002b1d450 code [0x0000000002b1d5a0, 0x0000000002b1d690]

GC Heap History (10 events):
Event: 1.127 GC heap before
{Heap before GC invocations=7 (full 1):
 PSYoungGen      total 142848K, used 5188K [0x00000000d5e00000, 0x00000000df300000, 0x0000000100000000)
  eden space 133120K, 0% used [0x00000000d5e00000,0x00000000d5e00000,0x00000000de000000)
  from space 9728K, 53% used [0x00000000de980000,0x00000000dee91260,0x00000000df300000)
  to   space 9728K, 0% used [0x00000000de000000,0x00000000de000000,0x00000000de980000)
 ParOldGen       total 87552K, used 8863K [0x0000000081a00000, 0x0000000086f80000, 0x00000000d5e00000)
  object space 87552K, 10% used [0x0000000081a00000,0x00000000822a7f88,0x0000000086f80000)
 Metaspace       used 20805K, capacity 21114K, committed 21248K, reserved 1067008K
  class space    used 2669K, capacity 2762K, committed 2816K, reserved 1048576K
Event: 1.154 GC heap after
Heap after GC invocations=7 (full 1):
 PSYoungGen      total 142848K, used 0K [0x00000000d5e00000, 0x00000000df300000, 0x0000000100000000)
  eden space 133120K, 0% used [0x00000000d5e00000,0x00000000d5e00000,0x00000000de000000)
  from space 9728K, 0% used [0x00000000de980000,0x00000000de980000,0x00000000df300000)
  to   space 9728K, 0% used [0x00000000de000000,0x00000000de000000,0x00000000de980000)
 ParOldGen       total 52224K, used 7585K [0x0000000081a00000, 0x0000000084d00000, 0x00000000d5e00000)
  object space 52224K, 14% used [0x0000000081a00000,0x0000000082168408,0x0000000084d00000)
 Metaspace       used 20805K, capacity 21114K, committed 21248K, reserved 1067008K
  class space    used 2669K, capacity 2762K, committed 2816K, reserved 1048576K
}
Event: 1.753 GC heap before
{Heap before GC invocations=8 (full 1):
 PSYoungGen      total 142848K, used 133120K [0x00000000d5e00000, 0x00000000df300000, 0x0000000100000000)
  eden space 133120K, 100% used [0x00000000d5e00000,0x00000000de000000,0x00000000de000000)
  from space 9728K, 0% used [0x00000000de980000,0x00000000de980000,0x00000000df300000)
  to   space 9728K, 0% used [0x00000000de000000,0x00000000de000000,0x00000000de980000)
 ParOldGen       total 52224K, used 7585K [0x0000000081a00000, 0x0000000084d00000, 0x00000000d5e00000)
  object space 52224K, 14% used [0x0000000081a00000,0x0000000082168408,0x0000000084d00000)
 Metaspace       used 27217K, capacity 27624K, committed 28032K, reserved 1073152K
  class space    used 3489K, capacity 3630K, committed 3712K, reserved 1048576K
Event: 1.763 GC heap after
Heap after GC invocations=8 (full 1):
 PSYoungGen      total 142848K, used 9697K [0x00000000d5e00000, 0x00000000e5d00000, 0x0000000100000000)
  eden space 133120K, 0% used [0x00000000d5e00000,0x00000000d5e00000,0x00000000de000000)
  from space 9728K, 99% used [0x00000000de000000,0x00000000de9787a0,0x00000000de980000)
  to   space 12288K, 0% used [0x00000000e5100000,0x00000000e5100000,0x00000000e5d00000)
 ParOldGen       total 52224K, used 9925K [0x0000000081a00000, 0x0000000084d00000, 0x00000000d5e00000)
  object space 52224K, 19% used [0x0000000081a00000,0x00000000823b17a0,0x0000000084d00000)
 Metaspace       used 27217K, capacity 27624K, committed 28032K, reserved 1073152K
  class space    used 3489K, capacity 3630K, committed 3712K, reserved 1048576K
}
Event: 2.300 GC heap before
{Heap before GC invocations=9 (full 1):
 PSYoungGen      total 142848K, used 142817K [0x00000000d5e00000, 0x00000000e5d00000, 0x0000000100000000)
  eden space 133120K, 100% used [0x00000000d5e00000,0x00000000de000000,0x00000000de000000)
  from space 9728K, 99% used [0x00000000de000000,0x00000000de9787a0,0x00000000de980000)
  to   space 12288K, 0% used [0x00000000e5100000,0x00000000e5100000,0x00000000e5d00000)
 ParOldGen       total 52224K, used 9925K [0x0000000081a00000, 0x0000000084d00000, 0x00000000d5e00000)
  object space 52224K, 19% used [0x0000000081a00000,0x00000000823b17a0,0x0000000084d00000)
 Metaspace       used 32836K, capacity 33384K, committed 33408K, reserved 1079296K
  class space    used 4309K, capacity 4468K, committed 4480K, reserved 1048576K
Event: 2.311 GC heap after
Heap after GC invocations=9 (full 1):
 PSYoungGen      total 243200K, used 12267K [0x00000000d5e00000, 0x00000000e5d80000, 0x0000000100000000)
  eden space 230912K, 0% used [0x00000000d5e00000,0x00000000d5e00000,0x00000000e3f80000)
  from space 12288K, 99% used [0x00000000e5100000,0x00000000e5cfaec0,0x00000000e5d00000)
  to   space 15360K, 0% used [0x00000000e3f80000,0x00000000e3f80000,0x00000000e4e80000)
 ParOldGen       total 52224K, used 13114K [0x0000000081a00000, 0x0000000084d00000, 0x00000000d5e00000)
  object space 52224K, 25% used [0x0000000081a00000,0x00000000826cea80,0x0000000084d00000)
 Metaspace       used 32836K, capacity 33384K, committed 33408K, reserved 1079296K
  class space    used 4309K, capacity 4468K, committed 4480K, reserved 1048576K
}
Event: 11.700 GC heap before
{Heap before GC invocations=10 (full 1):
 PSYoungGen      total 243200K, used 110550K [0x00000000d5e00000, 0x00000000e5d80000, 0x0000000100000000)
  eden space 230912K, 42% used [0x00000000d5e00000,0x00000000dbdfa980,0x00000000e3f80000)
  from space 12288K, 99% used [0x00000000e5100000,0x00000000e5cfaec0,0x00000000e5d00000)
  to   space 15360K, 0% used [0x00000000e3f80000,0x00000000e3f80000,0x00000000e4e80000)
 ParOldGen       total 52224K, used 13114K [0x0000000081a00000, 0x0000000084d00000, 0x00000000d5e00000)
  object space 52224K, 25% used [0x0000000081a00000,0x00000000826cea80,0x0000000084d00000)
 Metaspace       used 34697K, capacity 35226K, committed 35416K, reserved 1079296K
  class space    used 4569K, capacity 4708K, committed 4736K, reserved 1048576K
Event: 11.724 GC heap after
Heap after GC invocations=10 (full 1):
 PSYoungGen      total 246272K, used 12752K [0x00000000d5e00000, 0x00000000ebb80000, 0x0000000100000000)
  eden space 230912K, 0% used [0x00000000d5e00000,0x00000000d5e00000,0x00000000e3f80000)
  from space 15360K, 83% used [0x00000000e3f80000,0x00000000e4bf4010,0x00000000e4e80000)
  to   space 16384K, 0% used [0x00000000eab80000,0x00000000eab80000,0x00000000ebb80000)
 ParOldGen       total 52224K, used 13122K [0x0000000081a00000, 0x0000000084d00000, 0x00000000d5e00000)
  object space 52224K, 25% used [0x0000000081a00000,0x00000000826d0a80,0x0000000084d00000)
 Metaspace       used 34697K, capacity 35226K, committed 35416K, reserved 1079296K
  class space    used 4569K, capacity 4708K, committed 4736K, reserved 1048576K
}
Event: 11.724 GC heap before
{Heap before GC invocations=11 (full 2):
 PSYoungGen      total 246272K, used 12752K [0x00000000d5e00000, 0x00000000ebb80000, 0x0000000100000000)
  eden space 230912K, 0% used [0x00000000d5e00000,0x00000000d5e00000,0x00000000e3f80000)
  from space 15360K, 83% used [0x00000000e3f80000,0x00000000e4bf4010,0x00000000e4e80000)
  to   space 16384K, 0% used [0x00000000eab80000,0x00000000eab80000,0x00000000ebb80000)
 ParOldGen       total 52224K, used 13122K [0x0000000081a00000, 0x0000000084d00000, 0x00000000d5e00000)
  object space 52224K, 25% used [0x0000000081a00000,0x00000000826d0a80,0x0000000084d00000)
 Metaspace       used 34697K, capacity 35226K, committed 35416K, reserved 1079296K
  class space    used 4569K, capacity 4708K, committed 4736K, reserved 1048576K
Event: 11.789 GC heap after
Heap after GC invocations=11 (full 2):
 PSYoungGen      total 246272K, used 0K [0x00000000d5e00000, 0x00000000ebb80000, 0x0000000100000000)
  eden space 230912K, 0% used [0x00000000d5e00000,0x00000000d5e00000,0x00000000e3f80000)
  from space 15360K, 0% used [0x00000000e3f80000,0x00000000e3f80000,0x00000000e4e80000)
  to   space 16384K, 0% used [0x00000000eab80000,0x00000000eab80000,0x00000000ebb80000)
 ParOldGen       total 73728K, used 19294K [0x0000000081a00000, 0x0000000086200000, 0x00000000d5e00000)
  object space 73728K, 26% used [0x0000000081a00000,0x0000000082cd7938,0x0000000086200000)
 Metaspace       used 34697K, capacity 35226K, committed 35416K, reserved 1079296K
  class space    used 4569K, capacity 4708K, committed 4736K, reserved 1048576K
}

Deoptimization events (0 events):
No events

Internal exceptions (10 events):
Event: 11.851 Thread 0x000000001ba1d800 Exception <a 'java/lang/ArrayIndexOutOfBoundsException'> (0x00000000d6aced10) thrown at [D:\re\workspace\8-2-build-windows-amd64-cygwin\jdk8u77\6540\hotspot\src\share\vm\runtime\sharedRuntime.cpp, line 605]
Event: 11.851 Thread 0x000000001ba1d800 Exception <a 'java/lang/ArrayIndexOutOfBoundsException'> (0x00000000d6ae55e0) thrown at [D:\re\workspace\8-2-build-windows-amd64-cygwin\jdk8u77\6540\hotspot\src\share\vm\runtime\sharedRuntime.cpp, line 605]
Event: 11.851 Thread 0x000000001ba1d800 Exception <a 'java/lang/ArrayIndexOutOfBoundsException'> (0x00000000d6af9658) thrown at [D:\re\workspace\8-2-build-windows-amd64-cygwin\jdk8u77\6540\hotspot\src\share\vm\runtime\sharedRuntime.cpp, line 605]
Event: 11.875 Thread 0x000000001ba1d800 Exception <a 'java/io/FileNotFoundException'> (0x00000000d7046df8) thrown at [D:\re\workspace\8-2-build-windows-amd64-cygwin\jdk8u77\6540\hotspot\src\share\vm\prims\jni.cpp, line 709]
Event: 68.094 Thread 0x000000001ba1f000 Exception <a 'java/io/FileNotFoundException'> (0x00000000d8192d18) thrown at [D:\re\workspace\8-2-build-windows-amd64-cygwin\jdk8u77\6540\hotspot\src\share\vm\prims\jni.cpp, line 709]
Event: 68.094 Thread 0x000000001ba1f000 Exception <a 'java/io/FileNotFoundException'> (0x00000000d8193778) thrown at [D:\re\workspace\8-2-build-windows-amd64-cygwin\jdk8u77\6540\hotspot\src\share\vm\prims\jni.cpp, line 709]
Event: 68.096 Thread 0x000000001ba1f000 Exception <a 'java/io/FileNotFoundException'> (0x00000000d81cf090) thrown at [D:\re\workspace\8-2-build-windows-amd64-cygwin\jdk8u77\6540\hotspot\src\share\vm\prims\jni.cpp, line 709]
Event: 68.096 Thread 0x000000001ba1f000 Exception <a 'java/io/FileNotFoundException'> (0x00000000d81cfa58) thrown at [D:\re\workspace\8-2-build-windows-amd64-cygwin\jdk8u77\6540\hotspot\src\share\vm\prims\jni.cpp, line 709]
Event: 68.129 Thread 0x000000001ba1f000 Exception <a 'java/lang/NoClassDefFoundError': org/jvnet/staxex/XMLStreamReaderEx> (0x00000000d87e2628) thrown at [D:\re\workspace\8-2-build-windows-amd64-cygwin\jdk8u77\6540\hotspot\src\share\vm\classfile\systemDictionary.cpp, line 199]
Event: 68.135 Thread 0x000000001ba1f000 Exception <a 'java/lang/ArrayIndexOutOfBoundsException': -2> (0x00000000d889b7b8) thrown at [D:\re\workspace\8-2-build-windows-amd64-cygwin\jdk8u77\6540\hotspot\src\share\vm\interpreter\interpreterRuntime.cpp, line 366]

Events (10 events):
Event: 68.132 loading class org/apache/cxf/databinding/WrapperHelper
Event: 68.132 loading class org/apache/cxf/databinding/WrapperHelper done
Event: 68.132 loading class com/common/microservice/example/cxf/api/jaxws_asm/ObjectFactory
Event: 68.132 loading class com/common/microservice/example/cxf/api/jaxws_asm/ObjectFactory done
Event: 68.133 loading class org/apache/cxf/databinding/AbstractWrapperHelper
Event: 68.133 loading class org/apache/cxf/databinding/AbstractWrapperHelper done
Event: 68.133 loading class org/apache/cxf/jaxb/WrapperHelperCompiler
Event: 68.133 loading class org/apache/cxf/jaxb/WrapperHelperCompiler done
Event: 68.135 loading class org/apache/cxf/jaxb/JAXBWrapperHelper
Event: 68.135 loading class org/apache/cxf/jaxb/JAXBWrapperHelper done


Dynamic libraries:
0x000000013fd90000 - 0x000000013fdc7000 	D:\Program Files\Java\jdk1.8.0_77\bin\javaw.exe
0x0000000077580000 - 0x000000007771f000 	C:\Windows\SYSTEM32\ntdll.dll
0x0000000077360000 - 0x000000007747f000 	C:\Windows\system32\kernel32.dll
0x000007fefd400000 - 0x000007fefd467000 	C:\Windows\system32\KERNELBASE.dll
0x000007fefd660000 - 0x000007fefd73b000 	C:\Windows\system32\ADVAPI32.dll
0x000007fefeea0000 - 0x000007fefef3f000 	C:\Windows\system32\msvcrt.dll
0x000007fefd4b0000 - 0x000007fefd4cf000 	C:\Windows\SYSTEM32\sechost.dll
0x000007fefed70000 - 0x000007fefee9c000 	C:\Windows\system32\RPCRT4.dll
0x0000000077480000 - 0x000000007757a000 	C:\Windows\system32\USER32.dll
0x000007feff5c0000 - 0x000007feff627000 	C:\Windows\system32\GDI32.dll
0x000007fefd4d0000 - 0x000007fefd4de000 	C:\Windows\system32\LPK.dll
0x000007feff630000 - 0x000007feff6fb000 	C:\Windows\system32\USP10.dll
0x000007fefb870000 - 0x000007fefba65000 	C:\Windows\WinSxS\amd64_microsoft.windows.common-controls_6595b64144ccf1df_6.0.7601.24460_none_e3711c5330fd38b4\COMCTL32.dll
0x000007feff7f0000 - 0x000007feff861000 	C:\Windows\system32\SHLWAPI.dll
0x000007feff590000 - 0x000007feff5be000 	C:\Windows\system32\IMM32.DLL
0x000007fefda10000 - 0x000007fefdb19000 	C:\Windows\system32\MSCTF.dll
0x0000000052cf0000 - 0x0000000052dc2000 	D:\Program Files\Java\jdk1.8.0_77\jre\bin\msvcr100.dll
0x000000005eb50000 - 0x000000005f3e0000 	D:\Program Files\Java\jdk1.8.0_77\jre\bin\server\jvm.dll
0x000007feec850000 - 0x000007feec859000 	C:\Windows\system32\WSOCK32.dll
0x000007feff700000 - 0x000007feff74d000 	C:\Windows\system32\WS2_32.dll
0x000007fefef40000 - 0x000007fefef48000 	C:\Windows\system32\NSI.dll
0x000007fef79c0000 - 0x000007fef79fb000 	C:\Windows\system32\WINMM.dll
0x000007fefc1b0000 - 0x000007fefc1bc000 	C:\Windows\system32\VERSION.dll
0x0000000077720000 - 0x0000000077727000 	C:\Windows\system32\PSAPI.DLL
0x0000000074730000 - 0x000000007473f000 	D:\Program Files\Java\jdk1.8.0_77\jre\bin\verify.dll
0x00000000740b0000 - 0x00000000740d9000 	D:\Program Files\Java\jdk1.8.0_77\jre\bin\java.dll
0x0000000074060000 - 0x0000000074076000 	D:\Program Files\Java\jdk1.8.0_77\jre\bin\zip.dll
0x000007fefdfe0000 - 0x000007fefed6b000 	C:\Windows\system32\SHELL32.dll
0x000007fefdc00000 - 0x000007fefddff000 	C:\Windows\system32\ole32.dll
0x000007fefd0e0000 - 0x000007fefd0ef000 	C:\Windows\system32\profapi.dll
0x0000000057420000 - 0x000000005742d000 	D:\Program Files\Java\jdk1.8.0_77\jre\bin\management.dll
0x0000000073fc0000 - 0x0000000073fda000 	D:\Program Files\Java\jdk1.8.0_77\jre\bin\net.dll
0x000007fefc8d0000 - 0x000007fefc925000 	C:\Windows\system32\mswsock.dll
0x000007fefc8c0000 - 0x000007fefc8c7000 	C:\Windows\System32\wship6.dll
0x0000000073fa0000 - 0x0000000073fb1000 	D:\Program Files\Java\jdk1.8.0_77\jre\bin\nio.dll
0x000007fefac90000 - 0x000007fefaca5000 	C:\Windows\system32\NLAapi.dll
0x000007fef7a50000 - 0x000007fef7a65000 	C:\Windows\system32\napinsp.dll
0x000007fef7a30000 - 0x000007fef7a49000 	C:\Windows\system32\pnrpnsp.dll
0x000007fefc670000 - 0x000007fefc6cb000 	C:\Windows\system32\DNSAPI.dll
0x000007fef7a20000 - 0x000007fef7a2b000 	C:\Windows\System32\winrnr.dll
0x0000000073350000 - 0x0000000073376000 	C:\Program Files\Bonjour\mdnsNSP.dll
0x000007fefab90000 - 0x000007fefabb7000 	C:\Windows\system32\Iphlpapi.DLL
0x000007fefab70000 - 0x000007fefab7b000 	C:\Windows\system32\WINNSI.DLL
0x000007fefc280000 - 0x000007fefc287000 	C:\Windows\System32\wshtcpip.dll
0x000007fef8f50000 - 0x000007fef8f58000 	C:\Windows\system32\rasadhlp.dll
0x000007fefaa30000 - 0x000007fefaa83000 	C:\Windows\System32\fwpuclnt.dll
0x000007fefc930000 - 0x000007fefc948000 	C:\Windows\system32\CRYPTSP.dll
0x000007fefc550000 - 0x000007fefc597000 	C:\Windows\system32\rsaenh.dll
0x000007fefd3b0000 - 0x000007fefd3cf000 	C:\Windows\system32\USERENV.dll
0x000007fefcf30000 - 0x000007fefcf3f000 	C:\Windows\system32\CRYPTBASE.dll
0x000007fefaa00000 - 0x000007fefaa11000 	C:\Windows\system32\dhcpcsvc6.DLL
0x000007fefa980000 - 0x000007fefa998000 	C:\Windows\system32\dhcpcsvc.DLL
0x0000000074030000 - 0x0000000074054000 	D:\Program Files\Java\jdk1.8.0_77\jre\bin\sunec.dll
0x0000000058100000 - 0x000000005810b000 	D:\Program Files\Java\jdk1.8.0_77\jre\bin\sunmscapi.dll
0x000007fefd140000 - 0x000007fefd2ad000 	C:\Windows\system32\CRYPT32.dll
0x000007fefd0d0000 - 0x000007fefd0df000 	C:\Windows\system32\MSASN1.dll
0x000007fef7b40000 - 0x000007fef7c65000 	C:\Windows\system32\dbghelp.dll

VM Arguments:
jvm_args: -Dcom.sun.management.jmxremote -Dcom.sun.management.jmxremote.port=55388 -Dcom.sun.management.jmxremote.authenticate=false -Dcom.sun.management.jmxremote.ssl=false -Djava.rmi.server.hostname=localhost -Dspring.jmx.enabled=true -Dspring.liveBeansView.mbeanDomain -Dspring.application.admin.enabled=true -Xverify:none -XX:TieredStopAtLevel=1 -Dfile.encoding=UTF-8 
java_command: com.common.microservice.example.server.ProviderApplication --spring.output.ansi.enabled=always
java_class_path (initial): E:\GitHub\微服务\common-microservice\common-microservice-example\common-microservice-example-server\target\classes;E:\GitHub\微服务\common-microservice\common-microservice-example\common-microservice-example-api\target\classes;F:\apache-maven-3.2.5\repository\com\sun\jersey\jersey-server\1.18\jersey-server-1.18.jar;F:\apache-maven-3.2.5\repository\asm\asm\3.1\asm-3.1.jar;F:\apache-maven-3.2.5\repository\com\sun\jersey\jersey-core\1.18\jersey-core-1.18.jar;F:\apache-maven-3.2.5\repository\com\sun\jersey\jersey-grizzly2\1.18\jersey-grizzly2-1.18.jar;F:\apache-maven-3.2.5\repository\org\glassfish\grizzly\grizzly-http\2.2.16\grizzly-http-2.2.16.jar;F:\apache-maven-3.2.5\repository\org\glassfish\grizzly\grizzly-framework\2.2.16\grizzly-framework-2.2.16.jar;F:\apache-maven-3.2.5\repository\org\glassfish\grizzly\grizzly-http-server\2.2.16\grizzly-http-server-2.2.16.jar;F:\apache-maven-3.2.5\repository\org\glassfish\grizzly\grizzly-rcm\2.2.16\grizzly-rcm-2.2.16.jar;E:\GitHub\微服务\common-microservice\common-microservice\common-microservice-rest-support\target\classes;E:\GitHub\微服务\common-microservice\common-microservice\common-microservice-server-starter\target\classes;F:\apache-maven-3.2.5\repository\org\springframework\boot\spring-boot-starter-web\1.5.6.RELEASE\spring-boot-starter-web-1.5.6.RELEASE.jar;F:\apache-maven-3.2.5\repository\org\springframework\boot\spring-boot-starter\1.5.6.RELEASE\spring-boot-starter-1.5.6.RELEASE.jar;F:\apache-maven-3.2.5\repository\org\springframework\boot\spring-boot\1.5.6.RELEASE\spring-boot-1.5.6.RELEASE.jar;F:\apache-maven-3.2.5\repository\org\springframework\boot\spring-boot-autoconfigure\1.5.6.RELEASE\spring-boot-autoconfigure-1.5.6.RELEASE.jar;F:\apache-maven-3.2.5\repository\org\springframework\boot\spring-boot-starter-logging\1.5.6.RELEASE\spring-boot-starter-logging-1.5.6.RELEASE.jar;F:\apache-maven-3.2.5\repository\ch\qos\logback\logback-classic\1.1.11\logback-classic-1.1.11.jar;F:\apache-maven-3.2
Launcher Type: SUN_STANDARD

Environment Variables:
JAVA_HOME=D:\Program Files\Java\jdk1.8.0_77
PATH=D:/Program Files/Java/jdk1.8.0_77/bin/../jre/bin/server;D:/Program Files/Java/jdk1.8.0_77/bin/../jre/bin;D:/Program Files/Java/jdk1.8.0_77/bin/../jre/lib/amd64;D:\Program Files\Java\jdk1.8.0_77\bin;F:\apache-maven-3.3.9\bin;D:\Program Files\gradle-3.3\bin;D:\Program Files\apache-ant-1.10.1\bin;F:\softs\apache-tomcat-7.0.94\apache-tomcat-7.0.94\bin;C:\Windows\system32;C:\Windows;C:\Windows\System32\Wbem;C:\Windows\System32\WindowsPowerShell\v1.0\;D:\Program Files\TortoiseSVN\bin;D:\Program Files\SlikSvn\bin;D:\Program Files\MySQL\MySQL Server 5.5\bin;D:\Program Files (x86)\Calibre2\;C:\Program Files\MySQL\MySQL Utilities 1.6\;D:\Program Files\nodejs\;F:\softs\erl7.1\bin;C:\Program Files\TortoiseGit\bin;C:\Program Files\Git\cmd;C:\Users\Administrator\AppData\Roaming\npm;F:\softs\spring-tool-suite-3.9.8.RELEASE-e4.11.0-win32-x86_64\sts-bundle\sts-3.9.8.RELEASE;
USERNAME=Administrator
OS=Windows_NT
PROCESSOR_IDENTIFIER=Intel64 Family 6 Model 60 Stepping 3, GenuineIntel



---------------  S Y S T E M  ---------------

OS: Windows 7 , 64 bit Build 7601 (6.1.7601.24475)

CPU:total 4 (4 cores per cpu, 1 threads per core) family 6 model 60 stepping 3, cmov, cx8, fxsr, mmx, sse, sse2, sse3, ssse3, sse4.1, sse4.2, popcnt, avx, avx2, aes, clmul, erms, rtm, lzcnt, tsc, tscinvbit, bmi1, bmi2

Memory: 4k page, physical 8281508k(3019192k free), swap 16561116k(10458528k free)

vm_info: Java HotSpot(TM) 64-Bit Server VM (25.77-b03) for windows-amd64 JRE (1.8.0_77-b03), built on Mar 20 2016 22:01:33 by "java_re" with MS VC++ 10.0 (VS2010)

time: Thu Jun 27 11:52:06 2019
elapsed time: 68 seconds (0d 0h 1m 8s)

