#
# A fatal error has been detected by the Java Runtime Environment:
#
#  EXCEPTION_ACCESS_VIOLATION (0xc0000005) at pc=0x00000000024447fa, pid=8608, tid=8268
#
# JRE version: Java(TM) SE Runtime Environment (8.0_77-b03) (build 1.8.0_77-b03)
# Java VM: Java HotSpot(TM) 64-Bit Server VM (25.77-b03 mixed mode windows-amd64 compressed oops)
# Problematic frame:
# j  com.common.microservice.example.cxf.api.jaxws_asm.QueryWeather.getArg0()Ljava/lang/String;+1
#
# Failed to write core dump. Minidumps are not enabled by default on client versions of Windows
#
# If you would like to submit a bug report, please visit:
#   http://bugreport.java.com/bugreport/crash.jsp
#

---------------  T H R E A D  ---------------

Current thread (0x000000001bea4800):  JavaThread "http-nio-8080-exec-2" daemon [_thread_in_Java, id=8268, stack(0x000000001daa0000,0x000000001dba0000)]

siginfo: ExceptionCode=0xc0000005, reading address 0xffffffffa9b33708

Registers:
RAX=0x0000000000000008, RBX=0x0000000000000000, RCX=0x000000001c9e56f8, RDX=0xffffffff8d145f00
RSP=0x000000001db9cc30, RBP=0x000000001db9cc80, RSI=0x000000001bea4800, RDI=0x00000000ffffffff
R8 =0x000000000000000b, R9 =0x00000000000000cb, R10=0x000000005f34b9e0, R11=0x000000001bfc2d00
R12=0x0000000000000000, R13=0xffffffffa9b33708, R14=0x000000001db9cc90, R15=0x000000001bea4800
RIP=0x00000000024447fa, EFLAGS=0x0000000000010202

Top of Stack: (sp=0x000000001db9cc30)
0x000000001db9cc30:   0000000000000001 00000000d81102f0
0x000000001db9cc40:   000000001db9cc40 000000001c9ed801
0x000000001db9cc50:   000000001db9cc90 000000001c9e5598
0x000000001db9cc60:   0000000000000000 000000001c9ed808
0x000000001db9cc70:   0000000000000000 000000001db9cc90
0x000000001db9cc80:   000000001db9cd70 00000000024208da
0x000000001db9cc90:   00000000d81101d0 0000000000000000
0x000000001db9cca0:   0000000000000000 0000000000000000
0x000000001db9ccb0:   0000000000000000 0000000000000000
0x000000001db9ccc0:   0000000000000000 0000000000000000
0x000000001db9ccd0:   0000000000000000 0000000000000000
0x000000001db9cce0:   0000000000000000 0000000000000000
0x000000001db9ccf0:   0000000000000000 0000000000000000
0x000000001db9cd00:   0000000000000000 0000000000000000
0x000000001db9cd10:   0000000000000000 0000000000000000
0x000000001db9cd20:   0000000000000000 0000000000000000 

Instructions: (pc=0x00000000024447fa)
0x00000000024447da:   00 00 e9 19 00 00 00 48 8b 49 18 8b 41 0c 83 c0
0x00000000024447ea:   08 89 41 0c 81 e0 f8 1f 00 00 0f 84 02 01 00 00
0x00000000024447fa:   41 0f b6 5d 00 49 ba e0 b9 34 5f 00 00 00 00 41
0x000000000244480a:   ff 24 da e8 05 00 00 00 e9 83 00 00 00 48 8d 44 


Register to memory mapping:

RAX=0x0000000000000008 is an unknown value
RBX=0x0000000000000000 is an unknown value
RCX=0x000000001c9e56f8 is pointing into metadata
RDX=0xffffffff8d145f00 is an unknown value
RSP=0x000000001db9cc30 is pointing into the stack for thread: 0x000000001bea4800
RBP=0x000000001db9cc80 is pointing into the stack for thread: 0x000000001bea4800
RSI=0x000000001bea4800 is a thread
RDI=0x00000000ffffffff is an unallocated location in the heap
R8 =0x000000000000000b is an unknown value
R9 =0x00000000000000cb is an unknown value
R10=0x000000005f34b9e0 is an unknown value
R11=0x000000001bfc2d00 is an unknown value
R12=0x0000000000000000 is an unknown value
R13=0xffffffffa9b33708 is an unknown value
R14=0x000000001db9cc90 is pointing into the stack for thread: 0x000000001bea4800
R15=0x000000001bea4800 is a thread


Stack: [0x000000001daa0000,0x000000001dba0000],  sp=0x000000001db9cc30,  free space=1011k
Native frames: (J=compiled Java code, j=interpreted, Vv=VM code, C=native code)
C  0x00000000024447fa


---------------  P R O C E S S  ---------------

Java Threads: ( => current thread )
  0x000000001c1b8800 JavaThread "RMI TCP Connection(6)-127.0.0.1" daemon [_thread_in_native, id=5144, stack(0x000000001f140000,0x000000001f240000)]
  0x000000001c1b7000 JavaThread "RMI TCP Connection(5)-127.0.0.1" daemon [_thread_in_native, id=5692, stack(0x000000001ebe0000,0x000000001ece0000)]
  0x000000001beb0000 JavaThread "RMI TCP Connection(4)-127.0.0.1" daemon [_thread_in_native, id=9204, stack(0x000000001eac0000,0x000000001ebc0000)]
  0x000000001beaf000 JavaThread "RMI TCP Connection(3)-127.0.0.1" daemon [_thread_in_native, id=8472, stack(0x000000001e4d0000,0x000000001e5d0000)]
  0x000000001beae800 JavaThread "DestroyJavaVM" [_thread_blocked, id=4424, stack(0x0000000002320000,0x0000000002420000)]
  0x000000001bead800 JavaThread "http-nio-8080-AsyncTimeout" daemon [_thread_blocked, id=5752, stack(0x000000001e910000,0x000000001ea10000)]
  0x000000001bead000 JavaThread "http-nio-8080-Acceptor-0" daemon [_thread_in_native, id=8296, stack(0x000000001e720000,0x000000001e820000)]
  0x000000001beac000 JavaThread "http-nio-8080-ClientPoller-1" daemon [_thread_in_native, id=4912, stack(0x000000001e610000,0x000000001e710000)]
  0x000000001beab800 JavaThread "http-nio-8080-ClientPoller-0" daemon [_thread_in_native, id=5892, stack(0x000000001ad30000,0x000000001ae30000)]
  0x000000001beaa800 JavaThread "http-nio-8080-exec-10" daemon [_thread_blocked, id=8216, stack(0x000000001e390000,0x000000001e490000)]
  0x000000001beaa000 JavaThread "http-nio-8080-exec-9" daemon [_thread_blocked, id=7048, stack(0x000000001e260000,0x000000001e360000)]
  0x000000001bea9000 JavaThread "http-nio-8080-exec-8" daemon [_thread_blocked, id=8196, stack(0x000000001ded0000,0x000000001dfd0000)]
  0x000000001bea8800 JavaThread "http-nio-8080-exec-7" daemon [_thread_blocked, id=6184, stack(0x000000001e030000,0x000000001e130000)]
  0x000000001bea7800 JavaThread "http-nio-8080-exec-6" daemon [_thread_blocked, id=8372, stack(0x000000001a170000,0x000000001a270000)]
  0x000000001bea7000 JavaThread "http-nio-8080-exec-5" daemon [_thread_blocked, id=8872, stack(0x000000001d960000,0x000000001da60000)]
  0x000000001bea6000 JavaThread "http-nio-8080-exec-4" daemon [_thread_blocked, id=8476, stack(0x000000001dd70000,0x000000001de70000)]
  0x000000001bea5800 JavaThread "http-nio-8080-exec-3" daemon [_thread_blocked, id=8512, stack(0x000000001dbe0000,0x000000001dce0000)]
=>0x000000001bea4800 JavaThread "http-nio-8080-exec-2" daemon [_thread_in_Java, id=8268, stack(0x000000001daa0000,0x000000001dba0000)]
  0x000000001bea4000 JavaThread "http-nio-8080-exec-1" daemon [_thread_blocked, id=1208, stack(0x000000001d860000,0x000000001d960000)]
  0x000000001bea3000 JavaThread "NioBlockingSelector.BlockPoller-1" daemon [_thread_in_native, id=1276, stack(0x0000000018080000,0x0000000018180000)]
  0x000000001bea2800 JavaThread "container-0" [_thread_blocked, id=6688, stack(0x000000001d100000,0x000000001d200000)]
  0x000000001bea1800 JavaThread "ContainerBackgroundProcessor[StandardEngine[Tomcat]]" daemon [_thread_blocked, id=6568, stack(0x000000001cfd0000,0x000000001d0d0000)]
  0x000000001be13800 JavaThread "GC Daemon" daemon [_thread_blocked, id=7604, stack(0x000000001b120000,0x000000001b220000)]
  0x000000001bd9e800 JavaThread "localhost-startStop-1" daemon [_thread_blocked, id=8568, stack(0x0000000019610000,0x0000000019710000)]
  0x000000001bd10000 JavaThread "Tomcat-startStop-1" daemon [_thread_blocked, id=6604, stack(0x000000001cbf0000,0x000000001ccf0000)]
  0x0000000019f4a800 JavaThread "JMX server connection timeout 17" daemon [_thread_blocked, id=9188, stack(0x000000001b020000,0x000000001b120000)]
  0x0000000019f43000 JavaThread "RMI TCP Connection(2)-127.0.0.1" daemon [_thread_in_native, id=8752, stack(0x000000001ae40000,0x000000001af40000)]
  0x0000000019f38000 JavaThread "RMI Scheduler(0)" daemon [_thread_blocked, id=4592, stack(0x000000001aa20000,0x000000001ab20000)]
  0x0000000019ebd000 JavaThread "RMI TCP Connection(1)-127.0.0.1" daemon [_thread_in_native, id=7144, stack(0x000000001a8d0000,0x000000001a9d0000)]
  0x0000000019ca1800 JavaThread "RMI TCP Accept-0" daemon [_thread_in_native, id=3176, stack(0x000000001a380000,0x000000001a480000)]
  0x0000000019c54800 JavaThread "RMI TCP Accept-55481" daemon [_thread_in_native, id=4808, stack(0x000000001a280000,0x000000001a380000)]
  0x0000000019c4b000 JavaThread "RMI TCP Accept-0" daemon [_thread_in_native, id=8756, stack(0x0000000018ab0000,0x0000000018bb0000)]
  0x00000000185af800 JavaThread "Service Thread" daemon [_thread_blocked, id=7448, stack(0x0000000019210000,0x0000000019310000)]
  0x0000000018541000 JavaThread "C1 CompilerThread2" daemon [_thread_blocked, id=8596, stack(0x0000000019040000,0x0000000019140000)]
  0x000000001853c000 JavaThread "C2 CompilerThread1" daemon [_thread_blocked, id=4332, stack(0x0000000018f10000,0x0000000019010000)]
  0x0000000018536800 JavaThread "C2 CompilerThread0" daemon [_thread_blocked, id=9124, stack(0x0000000018d20000,0x0000000018e20000)]
  0x0000000018523000 JavaThread "Attach Listener" daemon [_thread_blocked, id=2220, stack(0x0000000018bf0000,0x0000000018cf0000)]
  0x0000000018522800 JavaThread "Signal Dispatcher" daemon [_thread_blocked, id=3660, stack(0x00000000189b0000,0x0000000018ab0000)]
  0x0000000017164000 JavaThread "Finalizer" daemon [_thread_blocked, id=8732, stack(0x00000000182b0000,0x00000000183b0000)]
  0x000000001711b000 JavaThread "Reference Handler" daemon [_thread_blocked, id=8612, stack(0x0000000018410000,0x0000000018510000)]

Other Threads:
  0x000000001710f800 VMThread [stack: 0x0000000018180000,0x0000000018280000] [id=824]
  0x0000000019ca2800 WatcherThread [stack: 0x000000001a4e0000,0x000000001a5e0000] [id=2208]

VM state:not at safepoint (normal execution)

VM Mutex/Monitor currently owned by a thread: None

Heap:
 PSYoungGen      total 164352K, used 36882K [0x00000000d5e00000, 0x00000000e3880000, 0x0000000100000000)
  eden space 148992K, 24% used [0x00000000d5e00000,0x00000000d82049f0,0x00000000def80000)
  from space 15360K, 0% used [0x00000000def80000,0x00000000def80000,0x00000000dfe80000)
  to   space 15872K, 0% used [0x00000000e2900000,0x00000000e2900000,0x00000000e3880000)
 ParOldGen       total 97280K, used 17990K [0x0000000081a00000, 0x0000000087900000, 0x00000000d5e00000)
  object space 97280K, 18% used [0x0000000081a00000,0x0000000082b91980,0x0000000087900000)
 Metaspace       used 37360K, capacity 37918K, committed 38104K, reserved 1083392K
  class space    used 4843K, capacity 5002K, committed 5120K, reserved 1048576K

Card table byte_map: [0x00000000117e0000,0x0000000011be0000] byte_map_base: 0x00000000113d3000

Marking Bits: (ParMarkBitMap*) 0x000000005f360600
 Begin Bits: [0x0000000012450000, 0x00000000143e8000)
 End Bits:   [0x00000000143e8000, 0x0000000016380000)

Polling page: 0x0000000000100000

CodeCache: size=245760Kb used=7041Kb max_used=7041Kb free=238718Kb
 bounds [0x0000000002420000, 0x0000000002b10000, 0x0000000011420000]
 total_blobs=3768 nmethods=3333 adapters=347
 compilation: enabled

Compilation events (10 events):
Event: 9.966 Thread 0x0000000018541000 3329       1       com.sun.activation.registries.MailcapTokenizer::isWhiteSpaceChar (5 bytes)
Event: 9.966 Thread 0x0000000018541000 nmethod 3329 0x0000000002aff090 code [0x0000000002aff200, 0x0000000002aff338]
Event: 9.982 Thread 0x0000000018541000 3330       1       java.nio.charset.CharsetDecoder::<init> (10 bytes)
Event: 9.982 Thread 0x0000000018541000 nmethod 3330 0x0000000002aff650 code [0x0000000002aff7a0, 0x0000000002aff8c8]
Event: 9.982 Thread 0x0000000018541000 3331       1       java.nio.charset.CharsetDecoder::<init> (108 bytes)
Event: 9.982 Thread 0x0000000018541000 nmethod 3331 0x0000000002aff950 code [0x0000000002affb00, 0x0000000002afff28]
Event: 9.990 Thread 0x0000000018541000 3332       1       java.util.logging.LogManager$LoggerWeakRef::<init> (28 bytes)
Event: 9.991 Thread 0x0000000018541000 nmethod 3332 0x0000000002b00110 code [0x0000000002b00260, 0x0000000002b003f0]
Event: 9.993 Thread 0x0000000018541000 3333       1       java.util.Hashtable::access$400 (5 bytes)
Event: 9.993 Thread 0x0000000018541000 nmethod 3333 0x0000000002b004d0 code [0x0000000002b00620, 0x0000000002b00710]

GC Heap History (10 events):
Event: 1.447 GC heap before
{Heap before GC invocations=7 (full 1):
 PSYoungGen      total 71680K, used 66560K [0x00000000d5e00000, 0x00000000df300000, 0x0000000100000000)
  eden space 66560K, 100% used [0x00000000d5e00000,0x00000000d9f00000,0x00000000d9f00000)
  from space 5120K, 0% used [0x00000000d9f00000,0x00000000d9f00000,0x00000000da400000)
  to   space 9728K, 0% used [0x00000000de980000,0x00000000de980000,0x00000000df300000)
 ParOldGen       total 62976K, used 9656K [0x0000000081a00000, 0x0000000085780000, 0x00000000d5e00000)
  object space 62976K, 15% used [0x0000000081a00000,0x000000008236e3e0,0x0000000085780000)
 Metaspace       used 24106K, capacity 24512K, committed 24832K, reserved 1071104K
  class space    used 3088K, capacity 3211K, committed 3328K, reserved 1048576K
Event: 1.453 GC heap after
Heap after GC invocations=7 (full 1):
 PSYoungGen      total 109568K, used 7841K [0x00000000d5e00000, 0x00000000df180000, 0x0000000100000000)
  eden space 101376K, 0% used [0x00000000d5e00000,0x00000000d5e00000,0x00000000dc100000)
  from space 8192K, 95% used [0x00000000de980000,0x00000000df1284d8,0x00000000df180000)
  to   space 10240K, 0% used [0x00000000ddd80000,0x00000000ddd80000,0x00000000de780000)
 ParOldGen       total 62976K, used 9664K [0x0000000081a00000, 0x0000000085780000, 0x00000000d5e00000)
  object space 62976K, 15% used [0x0000000081a00000,0x00000000823703e0,0x0000000085780000)
 Metaspace       used 24106K, capacity 24512K, committed 24832K, reserved 1071104K
  class space    used 3088K, capacity 3211K, committed 3328K, reserved 1048576K
}
Event: 1.918 GC heap before
{Heap before GC invocations=8 (full 1):
 PSYoungGen      total 109568K, used 109217K [0x00000000d5e00000, 0x00000000df180000, 0x0000000100000000)
  eden space 101376K, 100% used [0x00000000d5e00000,0x00000000dc100000,0x00000000dc100000)
  from space 8192K, 95% used [0x00000000de980000,0x00000000df1284d8,0x00000000df180000)
  to   space 10240K, 0% used [0x00000000ddd80000,0x00000000ddd80000,0x00000000de780000)
 ParOldGen       total 62976K, used 9664K [0x0000000081a00000, 0x0000000085780000, 0x00000000d5e00000)
  object space 62976K, 15% used [0x0000000081a00000,0x00000000823703e0,0x0000000085780000)
 Metaspace       used 29329K, capacity 29758K, committed 30080K, reserved 1075200K
  class space    used 3793K, capacity 3929K, committed 3968K, reserved 1048576K
Event: 1.926 GC heap after
Heap after GC invocations=8 (full 1):
 PSYoungGen      total 140800K, used 10235K [0x00000000d5e00000, 0x00000000e0a80000, 0x0000000100000000)
  eden space 130560K, 0% used [0x00000000d5e00000,0x00000000d5e00000,0x00000000ddd80000)
  from space 10240K, 99% used [0x00000000ddd80000,0x00000000de77ed50,0x00000000de780000)
  to   space 12288K, 0% used [0x00000000dfe80000,0x00000000dfe80000,0x00000000e0a80000)
 ParOldGen       total 62976K, used 11758K [0x0000000081a00000, 0x0000000085780000, 0x00000000d5e00000)
  object space 62976K, 18% used [0x0000000081a00000,0x000000008257bb18,0x0000000085780000)
 Metaspace       used 29329K, capacity 29758K, committed 30080K, reserved 1075200K
  class space    used 3793K, capacity 3929K, committed 3968K, reserved 1048576K
}
Event: 2.442 GC heap before
{Heap before GC invocations=9 (full 1):
 PSYoungGen      total 140800K, used 140795K [0x00000000d5e00000, 0x00000000e0a80000, 0x0000000100000000)
  eden space 130560K, 100% used [0x00000000d5e00000,0x00000000ddd80000,0x00000000ddd80000)
  from space 10240K, 99% used [0x00000000ddd80000,0x00000000de77ed50,0x00000000de780000)
  to   space 12288K, 0% used [0x00000000dfe80000,0x00000000dfe80000,0x00000000e0a80000)
 ParOldGen       total 62976K, used 11758K [0x0000000081a00000, 0x0000000085780000, 0x00000000d5e00000)
  object space 62976K, 18% used [0x0000000081a00000,0x000000008257bb18,0x0000000085780000)
 Metaspace       used 33611K, capacity 34138K, committed 34304K, reserved 1079296K
  class space    used 4410K, capacity 4567K, committed 4608K, reserved 1048576K
Event: 2.453 GC heap after
Heap after GC invocations=9 (full 1):
 PSYoungGen      total 161280K, used 12280K [0x00000000d5e00000, 0x00000000e3900000, 0x0000000100000000)
  eden space 148992K, 0% used [0x00000000d5e00000,0x00000000d5e00000,0x00000000def80000)
  from space 12288K, 99% used [0x00000000dfe80000,0x00000000e0a7e388,0x00000000e0a80000)
  to   space 15360K, 0% used [0x00000000def80000,0x00000000def80000,0x00000000dfe80000)
 ParOldGen       total 62976K, used 14803K [0x0000000081a00000, 0x0000000085780000, 0x00000000d5e00000)
  object space 62976K, 23% used [0x0000000081a00000,0x0000000082874ff0,0x0000000085780000)
 Metaspace       used 33611K, capacity 34138K, committed 34304K, reserved 1079296K
  class space    used 4410K, capacity 4567K, committed 4608K, reserved 1048576K
}
Event: 3.100 GC heap before
{Heap before GC invocations=10 (full 1):
 PSYoungGen      total 161280K, used 74995K [0x00000000d5e00000, 0x00000000e3900000, 0x0000000100000000)
  eden space 148992K, 42% used [0x00000000d5e00000,0x00000000d9b3eb98,0x00000000def80000)
  from space 12288K, 99% used [0x00000000dfe80000,0x00000000e0a7e388,0x00000000e0a80000)
  to   space 15360K, 0% used [0x00000000def80000,0x00000000def80000,0x00000000dfe80000)
 ParOldGen       total 62976K, used 14803K [0x0000000081a00000, 0x0000000085780000, 0x00000000d5e00000)
  object space 62976K, 23% used [0x0000000081a00000,0x0000000082874ff0,0x0000000085780000)
 Metaspace       used 34751K, capacity 35272K, committed 35416K, reserved 1079296K
  class space    used 4568K, capacity 4705K, committed 4736K, reserved 1048576K
Event: 3.116 GC heap after
Heap after GC invocations=10 (full 1):
 PSYoungGen      total 164352K, used 12246K [0x00000000d5e00000, 0x00000000e3880000, 0x0000000100000000)
  eden space 148992K, 0% used [0x00000000d5e00000,0x00000000d5e00000,0x00000000def80000)
  from space 15360K, 79% used [0x00000000def80000,0x00000000dfb758f8,0x00000000dfe80000)
  to   space 15872K, 0% used [0x00000000e2900000,0x00000000e2900000,0x00000000e3880000)
 ParOldGen       total 62976K, used 14811K [0x0000000081a00000, 0x0000000085780000, 0x00000000d5e00000)
  object space 62976K, 23% used [0x0000000081a00000,0x0000000082876ff0,0x0000000085780000)
 Metaspace       used 34751K, capacity 35272K, committed 35416K, reserved 1079296K
  class space    used 4568K, capacity 4705K, committed 4736K, reserved 1048576K
}
Event: 3.116 GC heap before
{Heap before GC invocations=11 (full 2):
 PSYoungGen      total 164352K, used 12246K [0x00000000d5e00000, 0x00000000e3880000, 0x0000000100000000)
  eden space 148992K, 0% used [0x00000000d5e00000,0x00000000d5e00000,0x00000000def80000)
  from space 15360K, 79% used [0x00000000def80000,0x00000000dfb758f8,0x00000000dfe80000)
  to   space 15872K, 0% used [0x00000000e2900000,0x00000000e2900000,0x00000000e3880000)
 ParOldGen       total 62976K, used 14811K [0x0000000081a00000, 0x0000000085780000, 0x00000000d5e00000)
  object space 62976K, 23% used [0x0000000081a00000,0x0000000082876ff0,0x0000000085780000)
 Metaspace       used 34751K, capacity 35272K, committed 35416K, reserved 1079296K
  class space    used 4568K, capacity 4705K, committed 4736K, reserved 1048576K
Event: 3.171 GC heap after
Heap after GC invocations=11 (full 2):
 PSYoungGen      total 164352K, used 0K [0x00000000d5e00000, 0x00000000e3880000, 0x0000000100000000)
  eden space 148992K, 0% used [0x00000000d5e00000,0x00000000d5e00000,0x00000000def80000)
  from space 15360K, 0% used [0x00000000def80000,0x00000000def80000,0x00000000dfe80000)
  to   space 15872K, 0% used [0x00000000e2900000,0x00000000e2900000,0x00000000e3880000)
 ParOldGen       total 97280K, used 17990K [0x0000000081a00000, 0x0000000087900000, 0x00000000d5e00000)
  object space 97280K, 18% used [0x0000000081a00000,0x0000000082b91980,0x0000000087900000)
 Metaspace       used 34751K, capacity 35272K, committed 35416K, reserved 1079296K
  class space    used 4568K, capacity 4705K, committed 4736K, reserved 1048576K
}

Deoptimization events (0 events):
No events

Internal exceptions (10 events):
Event: 3.229 Thread 0x000000001bea4000 Exception <a 'java/lang/ArrayIndexOutOfBoundsException'> (0x00000000d6ce3c60) thrown at [D:\re\workspace\8-2-build-windows-amd64-cygwin\jdk8u77\6540\hotspot\src\share\vm\runtime\sharedRuntime.cpp, line 605]
Event: 3.230 Thread 0x000000001bea4000 Exception <a 'java/lang/ArrayIndexOutOfBoundsException'> (0x00000000d6cfa530) thrown at [D:\re\workspace\8-2-build-windows-amd64-cygwin\jdk8u77\6540\hotspot\src\share\vm\runtime\sharedRuntime.cpp, line 605]
Event: 3.230 Thread 0x000000001bea4000 Exception <a 'java/lang/ArrayIndexOutOfBoundsException'> (0x00000000d6d0e5a8) thrown at [D:\re\workspace\8-2-build-windows-amd64-cygwin\jdk8u77\6540\hotspot\src\share\vm\runtime\sharedRuntime.cpp, line 605]
Event: 3.253 Thread 0x000000001bea4000 Exception <a 'java/io/FileNotFoundException'> (0x00000000d725cc20) thrown at [D:\re\workspace\8-2-build-windows-amd64-cygwin\jdk8u77\6540\hotspot\src\share\vm\prims\jni.cpp, line 709]
Event: 9.963 Thread 0x000000001bea4800 Exception <a 'java/io/FileNotFoundException'> (0x00000000d7a84488) thrown at [D:\re\workspace\8-2-build-windows-amd64-cygwin\jdk8u77\6540\hotspot\src\share\vm\prims\jni.cpp, line 709]
Event: 9.963 Thread 0x000000001bea4800 Exception <a 'java/io/FileNotFoundException'> (0x00000000d7a84ee8) thrown at [D:\re\workspace\8-2-build-windows-amd64-cygwin\jdk8u77\6540\hotspot\src\share\vm\prims\jni.cpp, line 709]
Event: 9.965 Thread 0x000000001bea4800 Exception <a 'java/io/FileNotFoundException'> (0x00000000d7ac0800) thrown at [D:\re\workspace\8-2-build-windows-amd64-cygwin\jdk8u77\6540\hotspot\src\share\vm\prims\jni.cpp, line 709]
Event: 9.965 Thread 0x000000001bea4800 Exception <a 'java/io/FileNotFoundException'> (0x00000000d7ac11c8) thrown at [D:\re\workspace\8-2-build-windows-amd64-cygwin\jdk8u77\6540\hotspot\src\share\vm\prims\jni.cpp, line 709]
Event: 9.997 Thread 0x000000001bea4800 Exception <a 'java/lang/NoClassDefFoundError': org/jvnet/staxex/XMLStreamReaderEx> (0x00000000d80d9470) thrown at [D:\re\workspace\8-2-build-windows-amd64-cygwin\jdk8u77\6540\hotspot\src\share\vm\classfile\systemDictionary.cpp, line 199]
Event: 10.001 Thread 0x000000001bea4800 Exception <a 'java/lang/ArrayIndexOutOfBoundsException': -2> (0x00000000d81926e0) thrown at [D:\re\workspace\8-2-build-windows-amd64-cygwin\jdk8u77\6540\hotspot\src\share\vm\interpreter\interpreterRuntime.cpp, line 366]

Events (10 events):
Event: 9.998 loading class org/apache/cxf/databinding/WrapperHelper
Event: 9.998 loading class org/apache/cxf/databinding/WrapperHelper done
Event: 9.998 loading class com/common/microservice/example/cxf/api/jaxws_asm/ObjectFactory
Event: 9.999 loading class com/common/microservice/example/cxf/api/jaxws_asm/ObjectFactory done
Event: 9.999 loading class org/apache/cxf/databinding/AbstractWrapperHelper
Event: 9.999 loading class org/apache/cxf/databinding/AbstractWrapperHelper done
Event: 9.999 loading class org/apache/cxf/jaxb/WrapperHelperCompiler
Event: 9.999 loading class org/apache/cxf/jaxb/WrapperHelperCompiler done
Event: 10.001 loading class org/apache/cxf/jaxb/JAXBWrapperHelper
Event: 10.001 loading class org/apache/cxf/jaxb/JAXBWrapperHelper done


Dynamic libraries:
0x000000013f0c0000 - 0x000000013f0f7000 	D:\Program Files\Java\jdk1.8.0_77\bin\javaw.exe
0x0000000077580000 - 0x000000007771f000 	C:\Windows\SYSTEM32\ntdll.dll
0x0000000077360000 - 0x000000007747f000 	C:\Windows\system32\kernel32.dll
0x000007fefd400000 - 0x000007fefd467000 	C:\Windows\system32\KERNELBASE.dll
0x000007fefd660000 - 0x000007fefd73b000 	C:\Windows\system32\ADVAPI32.dll
0x000007fefeea0000 - 0x000007fefef3f000 	C:\Windows\system32\msvcrt.dll
0x000007fefd4b0000 - 0x000007fefd4cf000 	C:\Windows\SYSTEM32\sechost.dll
0x000007fefed70000 - 0x000007fefee9c000 	C:\Windows\system32\RPCRT4.dll
0x0000000077480000 - 0x000000007757a000 	C:\Windows\system32\USER32.dll
0x000007feff5c0000 - 0x000007feff627000 	C:\Windows\system32\GDI32.dll
0x000007fefd4d0000 - 0x000007fefd4de000 	C:\Windows\system32\LPK.dll
0x000007feff630000 - 0x000007feff6fb000 	C:\Windows\system32\USP10.dll
0x000007fefb870000 - 0x000007fefba65000 	C:\Windows\WinSxS\amd64_microsoft.windows.common-controls_6595b64144ccf1df_6.0.7601.24460_none_e3711c5330fd38b4\COMCTL32.dll
0x000007feff7f0000 - 0x000007feff861000 	C:\Windows\system32\SHLWAPI.dll
0x000007feff590000 - 0x000007feff5be000 	C:\Windows\system32\IMM32.DLL
0x000007fefda10000 - 0x000007fefdb19000 	C:\Windows\system32\MSCTF.dll
0x0000000052dd0000 - 0x0000000052ea2000 	D:\Program Files\Java\jdk1.8.0_77\jre\bin\msvcr100.dll
0x000000005eb50000 - 0x000000005f3e0000 	D:\Program Files\Java\jdk1.8.0_77\jre\bin\server\jvm.dll
0x000007feec850000 - 0x000007feec859000 	C:\Windows\system32\WSOCK32.dll
0x000007feff700000 - 0x000007feff74d000 	C:\Windows\system32\WS2_32.dll
0x000007fefef40000 - 0x000007fefef48000 	C:\Windows\system32\NSI.dll
0x000007fef79c0000 - 0x000007fef79fb000 	C:\Windows\system32\WINMM.dll
0x000007fefc1b0000 - 0x000007fefc1bc000 	C:\Windows\system32\VERSION.dll
0x0000000077720000 - 0x0000000077727000 	C:\Windows\system32\PSAPI.DLL
0x0000000074730000 - 0x000000007473f000 	D:\Program Files\Java\jdk1.8.0_77\jre\bin\verify.dll
0x00000000740b0000 - 0x00000000740d9000 	D:\Program Files\Java\jdk1.8.0_77\jre\bin\java.dll
0x0000000074060000 - 0x0000000074076000 	D:\Program Files\Java\jdk1.8.0_77\jre\bin\zip.dll
0x000007fefdfe0000 - 0x000007fefed6b000 	C:\Windows\system32\SHELL32.dll
0x000007fefdc00000 - 0x000007fefddff000 	C:\Windows\system32\ole32.dll
0x000007fefd0e0000 - 0x000007fefd0ef000 	C:\Windows\system32\profapi.dll
0x0000000057430000 - 0x000000005743d000 	D:\Program Files\Java\jdk1.8.0_77\jre\bin\management.dll
0x0000000073fc0000 - 0x0000000073fda000 	D:\Program Files\Java\jdk1.8.0_77\jre\bin\net.dll
0x000007fefc8d0000 - 0x000007fefc925000 	C:\Windows\system32\mswsock.dll
0x000007fefc8c0000 - 0x000007fefc8c7000 	C:\Windows\System32\wship6.dll
0x0000000073fa0000 - 0x0000000073fb1000 	D:\Program Files\Java\jdk1.8.0_77\jre\bin\nio.dll
0x000007fefac90000 - 0x000007fefaca5000 	C:\Windows\system32\NLAapi.dll
0x000007fef7a50000 - 0x000007fef7a65000 	C:\Windows\system32\napinsp.dll
0x000007fef7a30000 - 0x000007fef7a49000 	C:\Windows\system32\pnrpnsp.dll
0x000007fefc670000 - 0x000007fefc6cb000 	C:\Windows\system32\DNSAPI.dll
0x000007fef7a20000 - 0x000007fef7a2b000 	C:\Windows\System32\winrnr.dll
0x0000000073350000 - 0x0000000073376000 	C:\Program Files\Bonjour\mdnsNSP.dll
0x000007fefab90000 - 0x000007fefabb7000 	C:\Windows\system32\Iphlpapi.DLL
0x000007fefab70000 - 0x000007fefab7b000 	C:\Windows\system32\WINNSI.DLL
0x000007fefc280000 - 0x000007fefc287000 	C:\Windows\System32\wshtcpip.dll
0x000007fef8f50000 - 0x000007fef8f58000 	C:\Windows\system32\rasadhlp.dll
0x000007fefaa30000 - 0x000007fefaa83000 	C:\Windows\System32\fwpuclnt.dll
0x000007fefc930000 - 0x000007fefc948000 	C:\Windows\system32\CRYPTSP.dll
0x000007fefc550000 - 0x000007fefc597000 	C:\Windows\system32\rsaenh.dll
0x000007fefd3b0000 - 0x000007fefd3cf000 	C:\Windows\system32\USERENV.dll
0x000007fefcf30000 - 0x000007fefcf3f000 	C:\Windows\system32\CRYPTBASE.dll
0x000007fefaa00000 - 0x000007fefaa11000 	C:\Windows\system32\dhcpcsvc6.DLL
0x000007fefa980000 - 0x000007fefa998000 	C:\Windows\system32\dhcpcsvc.DLL
0x0000000074030000 - 0x0000000074054000 	D:\Program Files\Java\jdk1.8.0_77\jre\bin\sunec.dll
0x0000000058100000 - 0x000000005810b000 	D:\Program Files\Java\jdk1.8.0_77\jre\bin\sunmscapi.dll
0x000007fefd140000 - 0x000007fefd2ad000 	C:\Windows\system32\CRYPT32.dll
0x000007fefd0d0000 - 0x000007fefd0df000 	C:\Windows\system32\MSASN1.dll
0x000007fef7b40000 - 0x000007fef7c65000 	C:\Windows\system32\dbghelp.dll

VM Arguments:
jvm_args: -Dcom.sun.management.jmxremote -Dcom.sun.management.jmxremote.port=55481 -Dcom.sun.management.jmxremote.authenticate=false -Dcom.sun.management.jmxremote.ssl=false -Djava.rmi.server.hostname=localhost -Dspring.jmx.enabled=true -Dspring.liveBeansView.mbeanDomain -Dspring.application.admin.enabled=true -Xverify:none -XX:TieredStopAtLevel=1 -Dfile.encoding=UTF-8 
java_command: com.common.microservice.example.server.ProviderApplication --spring.output.ansi.enabled=always
java_class_path (initial): E:\GitHub\微服务\common-microservice\common-microservice-example\common-microservice-example-server\target\classes;E:\GitHub\微服务\common-microservice\common-microservice-example\common-microservice-example-api\target\classes;F:\apache-maven-3.2.5\repository\com\sun\jersey\jersey-server\1.18\jersey-server-1.18.jar;F:\apache-maven-3.2.5\repository\asm\asm\3.1\asm-3.1.jar;F:\apache-maven-3.2.5\repository\com\sun\jersey\jersey-core\1.18\jersey-core-1.18.jar;F:\apache-maven-3.2.5\repository\com\sun\jersey\jersey-grizzly2\1.18\jersey-grizzly2-1.18.jar;F:\apache-maven-3.2.5\repository\org\glassfish\grizzly\grizzly-http\2.2.16\grizzly-http-2.2.16.jar;F:\apache-maven-3.2.5\repository\org\glassfish\grizzly\grizzly-framework\2.2.16\grizzly-framework-2.2.16.jar;F:\apache-maven-3.2.5\repository\org\glassfish\grizzly\grizzly-http-server\2.2.16\grizzly-http-server-2.2.16.jar;F:\apache-maven-3.2.5\repository\org\glassfish\grizzly\grizzly-rcm\2.2.16\grizzly-rcm-2.2.16.jar;E:\GitHub\微服务\common-microservice\common-microservice\common-microservice-rest-support\target\classes;E:\GitHub\微服务\common-microservice\common-microservice\common-microservice-server-starter\target\classes;F:\apache-maven-3.2.5\repository\org\springframework\boot\spring-boot-starter-web\1.5.6.RELEASE\spring-boot-starter-web-1.5.6.RELEASE.jar;F:\apache-maven-3.2.5\repository\org\springframework\boot\spring-boot-starter\1.5.6.RELEASE\spring-boot-starter-1.5.6.RELEASE.jar;F:\apache-maven-3.2.5\repository\org\springframework\boot\spring-boot\1.5.6.RELEASE\spring-boot-1.5.6.RELEASE.jar;F:\apache-maven-3.2.5\repository\org\springframework\boot\spring-boot-autoconfigure\1.5.6.RELEASE\spring-boot-autoconfigure-1.5.6.RELEASE.jar;F:\apache-maven-3.2.5\repository\org\springframework\boot\spring-boot-starter-logging\1.5.6.RELEASE\spring-boot-starter-logging-1.5.6.RELEASE.jar;F:\apache-maven-3.2.5\repository\ch\qos\logback\logback-classic\1.1.11\logback-classic-1.1.11.jar;F:\apache-maven-3.2
Launcher Type: SUN_STANDARD

Environment Variables:
JAVA_HOME=D:\Program Files\Java\jdk1.8.0_77
PATH=D:/Program Files/Java/jdk1.8.0_77/bin/../jre/bin/server;D:/Program Files/Java/jdk1.8.0_77/bin/../jre/bin;D:/Program Files/Java/jdk1.8.0_77/bin/../jre/lib/amd64;D:\Program Files\Java\jdk1.8.0_77\bin;F:\apache-maven-3.3.9\bin;D:\Program Files\gradle-3.3\bin;D:\Program Files\apache-ant-1.10.1\bin;F:\softs\apache-tomcat-7.0.94\apache-tomcat-7.0.94\bin;C:\Windows\system32;C:\Windows;C:\Windows\System32\Wbem;C:\Windows\System32\WindowsPowerShell\v1.0\;D:\Program Files\TortoiseSVN\bin;D:\Program Files\SlikSvn\bin;D:\Program Files\MySQL\MySQL Server 5.5\bin;D:\Program Files (x86)\Calibre2\;C:\Program Files\MySQL\MySQL Utilities 1.6\;D:\Program Files\nodejs\;F:\softs\erl7.1\bin;C:\Program Files\TortoiseGit\bin;C:\Program Files\Git\cmd;C:\Users\Administrator\AppData\Roaming\npm;F:\softs\spring-tool-suite-3.9.8.RELEASE-e4.11.0-win32-x86_64\sts-bundle\sts-3.9.8.RELEASE;
USERNAME=Administrator
OS=Windows_NT
PROCESSOR_IDENTIFIER=Intel64 Family 6 Model 60 Stepping 3, GenuineIntel



---------------  S Y S T E M  ---------------

OS: Windows 7 , 64 bit Build 7601 (6.1.7601.24475)

CPU:total 4 (4 cores per cpu, 1 threads per core) family 6 model 60 stepping 3, cmov, cx8, fxsr, mmx, sse, sse2, sse3, ssse3, sse4.1, sse4.2, popcnt, avx, avx2, aes, clmul, erms, rtm, lzcnt, tsc, tscinvbit, bmi1, bmi2

Memory: 4k page, physical 8281508k(2966464k free), swap 16561116k(10435172k free)

vm_info: Java HotSpot(TM) 64-Bit Server VM (25.77-b03) for windows-amd64 JRE (1.8.0_77-b03), built on Mar 20 2016 22:01:33 by "java_re" with MS VC++ 10.0 (VS2010)

time: Thu Jun 27 11:52:53 2019
elapsed time: 10 seconds (0d 0h 0m 10s)

